<?xml version="1.0" encoding="UTF-8"?>
<!-- Generated by org.testng.reporters.JUnitXMLReporter -->
<testsuite hostname="DESKTOP-JFIIDIB" name="Default test" tests="4" failures="0" timestamp="24 Aug 2020 03:12:12 GMT" time="0.291" errors="0">
  <testcase name="@AfterTest after" time="0.0" classname="tests.TestLoginBank">
    <failure type="java.lang.NullPointerException">
      <![CDATA[java.lang.NullPointerException
	at managers.BaseTestFactory.RemoveWebDriver(BaseTestFactory.java:70)
	at managers.BaseTestFactory.after(BaseTestFactory.java:64)
	at sun.reflect.NativeMethodAccessorImpl.invoke0(Native Method)
	at sun.reflect.NativeMethodAccessorImpl.invoke(Unknown Source)
	at sun.reflect.DelegatingMethodAccessorImpl.invoke(Unknown Source)
	at java.lang.reflect.Method.invoke(Unknown Source)
	at org.testng.internal.MethodInvocationHelper.invokeMethod(MethodInvocationHelper.java:84)
	at org.testng.internal.Invoker.invokeConfigurationMethod(Invoker.java:564)
	at org.testng.internal.Invoker.invokeConfigurations(Invoker.java:213)
	at org.testng.internal.Invoker.invokeConfigurations(Invoker.java:138)
	at org.testng.TestRunner.afterRun(TestRunner.java:1014)
	at org.testng.TestRunner.run(TestRunner.java:621)
	at org.testng.SuiteRunner.runTest(SuiteRunner.java:348)
	at org.testng.SuiteRunner.runSequentially(SuiteRunner.java:343)
	at org.testng.SuiteRunner.privateRun(SuiteRunner.java:305)
	at org.testng.SuiteRunner.run(SuiteRunner.java:254)
	at org.testng.SuiteRunnerWorker.runSuite(SuiteRunnerWorker.java:52)
	at org.testng.SuiteRunnerWorker.run(SuiteRunnerWorker.java:86)
	at org.testng.TestNG.runSuitesSequentially(TestNG.java:1224)
	at org.testng.TestNG.runSuitesLocally(TestNG.java:1149)
	at org.testng.TestNG.run(TestNG.java:1057)
	at org.testng.remote.AbstractRemoteTestNG.run(AbstractRemoteTestNG.java:115)
	at org.testng.remote.RemoteTestNG.initAndRun(RemoteTestNG.java:251)
	at org.testng.remote.RemoteTestNG.main(RemoteTestNG.java:77)
]]>
    </failure>
  </testcase> <!-- @AfterTest after -->
  <testcase name="login" time="0.004" classname="tests.TestLoginBank">
    <skipped/>
  </testcase> <!-- login -->
  <testcase name="accountTypeSavingsOver1" time="0.001" classname="tests.TestLoginBank">
    <skipped/>
  </testcase> <!-- accountTypeSavingsOver1 -->
  <testcase name="accountTypeSavingsOver2" time="0.005" classname="tests.TestLoginBank">
    <skipped/>
  </testcase> <!-- accountTypeSavingsOver2 -->
  <testcase name="accountTypeSavingsOver3" time="0.0" classname="tests.TestLoginBank">
    <skipped/>
  </testcase> <!-- accountTypeSavingsOver3 -->
</testsuite> <!-- Default test -->
