<?xml version="1.0" encoding="UTF-8"?>
<!-- Generated by org.testng.reporters.JUnitXMLReporter -->
<testsuite hostname="DESKTOP-JFIIDIB" name="Test SavingsAdd on Chrome" tests="4" failures="0" timestamp="25 Aug 2020 03:43:29 GMT" time="137.34" errors="0">
  <testcase name="accountTypeSavingsOver1" time="11.658" classname="tests.TestBank"/>
  <testcase name="accountTypeSavingsOver2" time="13.205" classname="tests.TestBank"/>
  <testcase name="accountTypeSavingsOver3" time="11.226" classname="tests.TestBank"/>
  <testcase name="accountTypeSavingsOver4" time="11.836" classname="tests.TestBank"/>
</testsuite> <!-- Test SavingsAdd on Chrome -->
