<?xml version="1.0" encoding="UTF-8"?>
<!-- Generated by org.testng.reporters.JUnitXMLReporter -->
<testsuite hostname="DESKTOP-JFIIDIB" name="Test Login on FireFox" tests="3" failures="0" timestamp="9 Aug 2020 02:57:08 GMT" time="31.614" errors="0">
  <testcase name="verifyAcessEmpty" time="4.743" classname="tests.TestLoginBank"/>
  <testcase name="verifyAcessInvalid" time="4.99" classname="tests.TestLoginBank"/>
  <testcase name="verifyAcessSuccessfully" time="5.15" classname="tests.TestLoginBank"/>
</testsuite> <!-- Test Login on FireFox -->
