<?xml version="1.0" encoding="UTF-8"?>
<!-- Generated by org.testng.reporters.JUnitXMLReporter -->
<testsuite hostname="DESKTOP-JFIIDIB" name="Test SavingsAdd on FF" tests="4" failures="0" timestamp="25 Aug 2020 03:43:36 GMT" time="145.107" errors="0">
  <testcase name="accountTypeSavingsOver1" time="12.413" classname="tests.TestBank"/>
  <testcase name="accountTypeSavingsOver2" time="11.204" classname="tests.TestBank"/>
  <testcase name="accountTypeSavingsOver3" time="11.567" classname="tests.TestBank"/>
  <testcase name="accountTypeSavingsOver4" time="11.182" classname="tests.TestBank"/>
</testsuite> <!-- Test SavingsAdd on FF -->
