<?xml version="1.0" encoding="UTF-8"?>
<!-- Generated by org.testng.reporters.JUnitXMLReporter -->
<testsuite hostname="DESKTOP-JFIIDIB" name="Test SavingsAdd on IE" tests="4" failures="0" timestamp="25 Aug 2020 03:43:33 GMT" time="142.252" errors="0">
  <testcase name="accountTypeSavingsOver1" time="13.024" classname="tests.TestBank"/>
  <testcase name="accountTypeSavingsOver2" time="11.849" classname="tests.TestBank"/>
  <testcase name="accountTypeSavingsOver3" time="12.072" classname="tests.TestBank"/>
  <testcase name="accountTypeSavingsOver4" time="11.833" classname="tests.TestBank"/>
</testsuite> <!-- Test SavingsAdd on IE -->
