<?xml version="1.0" encoding="UTF-8"?>
<!-- Generated by org.testng.reporters.JUnitXMLReporter -->
<testsuite hostname="DESKTOP-JFIIDIB" name="Test SavingsAdd on FF" tests="750" failures="1" timestamp="25 Aug 2020 08:59:37 GMT" time="16075.475" errors="0">
  <testcase name="@BeforeMethod before" time="0.0" classname="tests.TestBank750">
    <failure type="org.openqa.selenium.WebDriverException" message="Reached error page: about:neterror?e=connectionFailure&amp;amp;u=http%3A//dbankdemo.com/login&amp;amp;c=UTF-8&amp;amp;f=regular&amp;amp;d=O%20Firefox%20n%C3%A3o%20conseguiu%20estabelecer%20uma%20conex%C3%A3o%20com%20o%20servidor%20dbankdemo.com.
Build info: version: &amp;apos;3.14.0&amp;apos;, revision: &amp;apos;aacccce0&amp;apos;, time: &amp;apos;2018-08-02T20:19:58.91Z&amp;apos;
System info: host: &amp;apos;DESKTOP-JFIIDIB&amp;apos;, ip: &amp;apos;192.168.0.5&amp;apos;, os.name: &amp;apos;Windows 10&amp;apos;, os.arch: &amp;apos;amd64&amp;apos;, os.version: &amp;apos;10.0&amp;apos;, java.version: &amp;apos;1.8.0_251&amp;apos;
Driver info: org.openqa.selenium.firefox.FirefoxDriver
Capabilities {acceptInsecureCerts: true, browserName: firefox, browserVersion: 75.0, javascriptEnabled: true, moz:accessibilityChecks: false, moz:buildID: 20200403170909, moz:geckodriverVersion: 0.26.0, moz:headless: false, moz:processID: 21228, moz:profile: C:\Users\user\AppData\Local..., moz:shutdownTimeout: 60000, moz:useNonSpecCompliantPointerOrigin: false, moz:webdriverClick: true, pageLoadStrategy: normal, platform: WINDOWS, platformName: WINDOWS, platformVersion: 10.0, rotatable: false, setWindowRect: true, strictFileInteractability: false, timeouts: {implicit: 0, pageLoad: 300000, script: 30000}, unhandledPromptBehavior: dismiss and notify}
Session ID: 1de8be43-2524-4115-a1d0-1a8ddab88cae">
      <![CDATA[org.openqa.selenium.WebDriverException: Reached error page: about:neterror?e=connectionFailure&u=http%3A//dbankdemo.com/login&c=UTF-8&f=regular&d=O%20Firefox%20n%C3%A3o%20conseguiu%20estabelecer%20uma%20conex%C3%A3o%20com%20o%20servidor%20dbankdemo.com.
Build info: version: '3.14.0', revision: 'aacccce0', time: '2018-08-02T20:19:58.91Z'
System info: host: 'DESKTOP-JFIIDIB', ip: '192.168.0.5', os.name: 'Windows 10', os.arch: 'amd64', os.version: '10.0', java.version: '1.8.0_251'
Driver info: org.openqa.selenium.firefox.FirefoxDriver
Capabilities {acceptInsecureCerts: true, browserName: firefox, browserVersion: 75.0, javascriptEnabled: true, moz:accessibilityChecks: false, moz:buildID: 20200403170909, moz:geckodriverVersion: 0.26.0, moz:headless: false, moz:processID: 21228, moz:profile: C:\Users\user\AppData\Local..., moz:shutdownTimeout: 60000, moz:useNonSpecCompliantPointerOrigin: false, moz:webdriverClick: true, pageLoadStrategy: normal, platform: WINDOWS, platformName: WINDOWS, platformVersion: 10.0, rotatable: false, setWindowRect: true, strictFileInteractability: false, timeouts: {implicit: 0, pageLoad: 300000, script: 30000}, unhandledPromptBehavior: dismiss and notify}
Session ID: 1de8be43-2524-4115-a1d0-1a8ddab88cae
	at org.openqa.selenium.remote.http.W3CHttpResponseCodec.createException(W3CHttpResponseCodec.java:187)
	at org.openqa.selenium.remote.http.W3CHttpResponseCodec.decode(W3CHttpResponseCodec.java:122)
	at org.openqa.selenium.remote.http.W3CHttpResponseCodec.decode(W3CHttpResponseCodec.java:49)
	at org.openqa.selenium.remote.HttpCommandExecutor.execute(HttpCommandExecutor.java:158)
	at org.openqa.selenium.remote.service.DriverCommandExecutor.execute(DriverCommandExecutor.java:83)
	at org.openqa.selenium.remote.RemoteWebDriver.execute(RemoteWebDriver.java:548)
	at org.openqa.selenium.remote.RemoteWebDriver.get(RemoteWebDriver.java:276)
	at managers.HomePage.GoHomePage(HomePage.java:15)
	at managers.BaseTestFactory.getHome(BaseTestFactory.java:66)
	at managers.BaseTestFactory.before(BaseTestFactory.java:54)
	at java.util.concurrent.FutureTask.run(Unknown Source)
	at java.util.concurrent.ThreadPoolExecutor.runWorker(Unknown Source)
	at java.util.concurrent.ThreadPoolExecutor$Worker.run(Unknown Source)
	at java.lang.Thread.run(Unknown Source)
... Removed 21 stack frames]]>
    </failure>
  </testcase> <!-- @BeforeMethod before -->
  <testcase name="@BeforeMethod login" time="0.0" classname="tests.TestBank750">
    <skipped/>
  </testcase> <!-- @BeforeMethod login -->
  <testcase name="@AfterMethod after" time="0.0" classname="tests.TestBank750">
    <skipped/>
  </testcase> <!-- @AfterMethod after -->
  <testcase name="@BeforeMethod before" time="0.0" classname="tests.TestBank750">
    <skipped/>
  </testcase> <!-- @BeforeMethod before -->
  <testcase name="@BeforeMethod login" time="0.0" classname="tests.TestBank750">
    <skipped/>
  </testcase> <!-- @BeforeMethod login -->
  <testcase name="@AfterMethod after" time="0.0" classname="tests.TestBank750">
    <skipped/>
  </testcase> <!-- @AfterMethod after -->
  <testcase name="@BeforeMethod before" time="0.0" classname="tests.TestBank750">
    <skipped/>
  </testcase> <!-- @BeforeMethod before -->
  <testcase name="@BeforeMethod login" time="0.0" classname="tests.TestBank750">
    <skipped/>
  </testcase> <!-- @BeforeMethod login -->
  <testcase name="@AfterMethod after" time="0.0" classname="tests.TestBank750">
    <skipped/>
  </testcase> <!-- @AfterMethod after -->
  <testcase name="@BeforeMethod before" time="0.0" classname="tests.TestBank750">
    <skipped/>
  </testcase> <!-- @BeforeMethod before -->
  <testcase name="@BeforeMethod login" time="0.0" classname="tests.TestBank750">
    <skipped/>
  </testcase> <!-- @BeforeMethod login -->
  <testcase name="@AfterMethod after" time="0.0" classname="tests.TestBank750">
    <skipped/>
  </testcase> <!-- @AfterMethod after -->
  <testcase name="@BeforeMethod before" time="0.0" classname="tests.TestBank750">
    <skipped/>
  </testcase> <!-- @BeforeMethod before -->
  <testcase name="@BeforeMethod login" time="0.0" classname="tests.TestBank750">
    <skipped/>
  </testcase> <!-- @BeforeMethod login -->
  <testcase name="@AfterMethod after" time="0.0" classname="tests.TestBank750">
    <skipped/>
  </testcase> <!-- @AfterMethod after -->
  <testcase name="@BeforeMethod before" time="0.0" classname="tests.TestBank750">
    <skipped/>
  </testcase> <!-- @BeforeMethod before -->
  <testcase name="@BeforeMethod login" time="0.0" classname="tests.TestBank750">
    <skipped/>
  </testcase> <!-- @BeforeMethod login -->
  <testcase name="@AfterMethod after" time="0.0" classname="tests.TestBank750">
    <skipped/>
  </testcase> <!-- @AfterMethod after -->
  <testcase name="@BeforeMethod before" time="0.0" classname="tests.TestBank750">
    <skipped/>
  </testcase> <!-- @BeforeMethod before -->
  <testcase name="@BeforeMethod login" time="0.0" classname="tests.TestBank750">
    <skipped/>
  </testcase> <!-- @BeforeMethod login -->
  <testcase name="@AfterMethod after" time="0.0" classname="tests.TestBank750">
    <skipped/>
  </testcase> <!-- @AfterMethod after -->
  <testcase name="@BeforeMethod before" time="0.0" classname="tests.TestBank750">
    <skipped/>
  </testcase> <!-- @BeforeMethod before -->
  <testcase name="@BeforeMethod login" time="0.0" classname="tests.TestBank750">
    <skipped/>
  </testcase> <!-- @BeforeMethod login -->
  <testcase name="@AfterMethod after" time="0.0" classname="tests.TestBank750">
    <skipped/>
  </testcase> <!-- @AfterMethod after -->
  <testcase name="@BeforeMethod before" time="0.0" classname="tests.TestBank750">
    <skipped/>
  </testcase> <!-- @BeforeMethod before -->
  <testcase name="@BeforeMethod login" time="0.0" classname="tests.TestBank750">
    <skipped/>
  </testcase> <!-- @BeforeMethod login -->
  <testcase name="@AfterMethod after" time="0.0" classname="tests.TestBank750">
    <skipped/>
  </testcase> <!-- @AfterMethod after -->
  <testcase name="@BeforeMethod before" time="0.0" classname="tests.TestBank750">
    <skipped/>
  </testcase> <!-- @BeforeMethod before -->
  <testcase name="@BeforeMethod login" time="0.0" classname="tests.TestBank750">
    <skipped/>
  </testcase> <!-- @BeforeMethod login -->
  <testcase name="@AfterMethod after" time="0.0" classname="tests.TestBank750">
    <skipped/>
  </testcase> <!-- @AfterMethod after -->
  <testcase name="@BeforeMethod before" time="0.0" classname="tests.TestBank750">
    <skipped/>
  </testcase> <!-- @BeforeMethod before -->
  <testcase name="@BeforeMethod login" time="0.0" classname="tests.TestBank750">
    <skipped/>
  </testcase> <!-- @BeforeMethod login -->
  <testcase name="@AfterMethod after" time="0.0" classname="tests.TestBank750">
    <skipped/>
  </testcase> <!-- @AfterMethod after -->
  <testcase name="@BeforeMethod before" time="0.0" classname="tests.TestBank750">
    <skipped/>
  </testcase> <!-- @BeforeMethod before -->
  <testcase name="@BeforeMethod login" time="0.0" classname="tests.TestBank750">
    <skipped/>
  </testcase> <!-- @BeforeMethod login -->
  <testcase name="@AfterMethod after" time="0.0" classname="tests.TestBank750">
    <skipped/>
  </testcase> <!-- @AfterMethod after -->
  <testcase name="@BeforeMethod before" time="0.0" classname="tests.TestBank750">
    <skipped/>
  </testcase> <!-- @BeforeMethod before -->
  <testcase name="@BeforeMethod login" time="0.0" classname="tests.TestBank750">
    <skipped/>
  </testcase> <!-- @BeforeMethod login -->
  <testcase name="@AfterMethod after" time="0.0" classname="tests.TestBank750">
    <skipped/>
  </testcase> <!-- @AfterMethod after -->
  <testcase name="@BeforeMethod before" time="0.0" classname="tests.TestBank750">
    <skipped/>
  </testcase> <!-- @BeforeMethod before -->
  <testcase name="@BeforeMethod login" time="0.0" classname="tests.TestBank750">
    <skipped/>
  </testcase> <!-- @BeforeMethod login -->
  <testcase name="@AfterMethod after" time="0.0" classname="tests.TestBank750">
    <skipped/>
  </testcase> <!-- @AfterMethod after -->
  <testcase name="@BeforeMethod before" time="0.0" classname="tests.TestBank750">
    <skipped/>
  </testcase> <!-- @BeforeMethod before -->
  <testcase name="@BeforeMethod login" time="0.0" classname="tests.TestBank750">
    <skipped/>
  </testcase> <!-- @BeforeMethod login -->
  <testcase name="@AfterMethod after" time="0.0" classname="tests.TestBank750">
    <skipped/>
  </testcase> <!-- @AfterMethod after -->
  <testcase name="@BeforeMethod before" time="0.0" classname="tests.TestBank750">
    <skipped/>
  </testcase> <!-- @BeforeMethod before -->
  <testcase name="@BeforeMethod login" time="0.0" classname="tests.TestBank750">
    <skipped/>
  </testcase> <!-- @BeforeMethod login -->
  <testcase name="@AfterMethod after" time="0.0" classname="tests.TestBank750">
    <skipped/>
  </testcase> <!-- @AfterMethod after -->
  <testcase name="@BeforeMethod before" time="0.0" classname="tests.TestBank750">
    <skipped/>
  </testcase> <!-- @BeforeMethod before -->
  <testcase name="@BeforeMethod login" time="0.0" classname="tests.TestBank750">
    <skipped/>
  </testcase> <!-- @BeforeMethod login -->
  <testcase name="@AfterMethod after" time="0.0" classname="tests.TestBank750">
    <skipped/>
  </testcase> <!-- @AfterMethod after -->
  <testcase name="@BeforeMethod before" time="0.0" classname="tests.TestBank750">
    <skipped/>
  </testcase> <!-- @BeforeMethod before -->
  <testcase name="@BeforeMethod login" time="0.0" classname="tests.TestBank750">
    <skipped/>
  </testcase> <!-- @BeforeMethod login -->
  <testcase name="@AfterMethod after" time="0.0" classname="tests.TestBank750">
    <skipped/>
  </testcase> <!-- @AfterMethod after -->
  <testcase name="@BeforeMethod before" time="0.0" classname="tests.TestBank750">
    <skipped/>
  </testcase> <!-- @BeforeMethod before -->
  <testcase name="@BeforeMethod login" time="0.0" classname="tests.TestBank750">
    <skipped/>
  </testcase> <!-- @BeforeMethod login -->
  <testcase name="@AfterMethod after" time="0.0" classname="tests.TestBank750">
    <skipped/>
  </testcase> <!-- @AfterMethod after -->
  <testcase name="@BeforeMethod before" time="0.0" classname="tests.TestBank750">
    <skipped/>
  </testcase> <!-- @BeforeMethod before -->
  <testcase name="@BeforeMethod login" time="0.0" classname="tests.TestBank750">
    <skipped/>
  </testcase> <!-- @BeforeMethod login -->
  <testcase name="@AfterMethod after" time="0.0" classname="tests.TestBank750">
    <skipped/>
  </testcase> <!-- @AfterMethod after -->
  <testcase name="@BeforeMethod before" time="0.0" classname="tests.TestBank750">
    <skipped/>
  </testcase> <!-- @BeforeMethod before -->
  <testcase name="@BeforeMethod login" time="0.0" classname="tests.TestBank750">
    <skipped/>
  </testcase> <!-- @BeforeMethod login -->
  <testcase name="@AfterMethod after" time="0.0" classname="tests.TestBank750">
    <skipped/>
  </testcase> <!-- @AfterMethod after -->
  <testcase name="@BeforeMethod before" time="0.0" classname="tests.TestBank750">
    <skipped/>
  </testcase> <!-- @BeforeMethod before -->
  <testcase name="@BeforeMethod login" time="0.0" classname="tests.TestBank750">
    <skipped/>
  </testcase> <!-- @BeforeMethod login -->
  <testcase name="@AfterMethod after" time="0.0" classname="tests.TestBank750">
    <skipped/>
  </testcase> <!-- @AfterMethod after -->
  <testcase name="@BeforeMethod before" time="0.0" classname="tests.TestBank750">
    <skipped/>
  </testcase> <!-- @BeforeMethod before -->
  <testcase name="@BeforeMethod login" time="0.0" classname="tests.TestBank750">
    <skipped/>
  </testcase> <!-- @BeforeMethod login -->
  <testcase name="@AfterMethod after" time="0.0" classname="tests.TestBank750">
    <skipped/>
  </testcase> <!-- @AfterMethod after -->
  <testcase name="@BeforeMethod before" time="0.0" classname="tests.TestBank750">
    <skipped/>
  </testcase> <!-- @BeforeMethod before -->
  <testcase name="@BeforeMethod login" time="0.0" classname="tests.TestBank750">
    <skipped/>
  </testcase> <!-- @BeforeMethod login -->
  <testcase name="@AfterMethod after" time="0.0" classname="tests.TestBank750">
    <skipped/>
  </testcase> <!-- @AfterMethod after -->
  <testcase name="@BeforeMethod before" time="0.0" classname="tests.TestBank750">
    <skipped/>
  </testcase> <!-- @BeforeMethod before -->
  <testcase name="@BeforeMethod login" time="0.0" classname="tests.TestBank750">
    <skipped/>
  </testcase> <!-- @BeforeMethod login -->
  <testcase name="@AfterMethod after" time="0.0" classname="tests.TestBank750">
    <skipped/>
  </testcase> <!-- @AfterMethod after -->
  <testcase name="@BeforeMethod before" time="0.0" classname="tests.TestBank750">
    <skipped/>
  </testcase> <!-- @BeforeMethod before -->
  <testcase name="@BeforeMethod login" time="0.0" classname="tests.TestBank750">
    <skipped/>
  </testcase> <!-- @BeforeMethod login -->
  <testcase name="@AfterMethod after" time="0.0" classname="tests.TestBank750">
    <skipped/>
  </testcase> <!-- @AfterMethod after -->
  <testcase name="@BeforeMethod before" time="0.0" classname="tests.TestBank750">
    <skipped/>
  </testcase> <!-- @BeforeMethod before -->
  <testcase name="@BeforeMethod login" time="0.0" classname="tests.TestBank750">
    <skipped/>
  </testcase> <!-- @BeforeMethod login -->
  <testcase name="@AfterMethod after" time="0.0" classname="tests.TestBank750">
    <skipped/>
  </testcase> <!-- @AfterMethod after -->
  <testcase name="@BeforeMethod before" time="0.0" classname="tests.TestBank750">
    <skipped/>
  </testcase> <!-- @BeforeMethod before -->
  <testcase name="@BeforeMethod login" time="0.0" classname="tests.TestBank750">
    <skipped/>
  </testcase> <!-- @BeforeMethod login -->
  <testcase name="@AfterMethod after" time="0.0" classname="tests.TestBank750">
    <skipped/>
  </testcase> <!-- @AfterMethod after -->
  <testcase name="@BeforeMethod before" time="0.0" classname="tests.TestBank750">
    <skipped/>
  </testcase> <!-- @BeforeMethod before -->
  <testcase name="@BeforeMethod login" time="0.0" classname="tests.TestBank750">
    <skipped/>
  </testcase> <!-- @BeforeMethod login -->
  <testcase name="@AfterMethod after" time="0.0" classname="tests.TestBank750">
    <skipped/>
  </testcase> <!-- @AfterMethod after -->
  <testcase name="@BeforeMethod before" time="0.0" classname="tests.TestBank750">
    <skipped/>
  </testcase> <!-- @BeforeMethod before -->
  <testcase name="@BeforeMethod login" time="0.0" classname="tests.TestBank750">
    <skipped/>
  </testcase> <!-- @BeforeMethod login -->
  <testcase name="@AfterMethod after" time="0.0" classname="tests.TestBank750">
    <skipped/>
  </testcase> <!-- @AfterMethod after -->
  <testcase name="@BeforeMethod before" time="0.0" classname="tests.TestBank750">
    <skipped/>
  </testcase> <!-- @BeforeMethod before -->
  <testcase name="@BeforeMethod login" time="0.0" classname="tests.TestBank750">
    <skipped/>
  </testcase> <!-- @BeforeMethod login -->
  <testcase name="@AfterMethod after" time="0.0" classname="tests.TestBank750">
    <skipped/>
  </testcase> <!-- @AfterMethod after -->
  <testcase name="@BeforeMethod before" time="0.0" classname="tests.TestBank750">
    <skipped/>
  </testcase> <!-- @BeforeMethod before -->
  <testcase name="@BeforeMethod login" time="0.0" classname="tests.TestBank750">
    <skipped/>
  </testcase> <!-- @BeforeMethod login -->
  <testcase name="@AfterMethod after" time="0.0" classname="tests.TestBank750">
    <skipped/>
  </testcase> <!-- @AfterMethod after -->
  <testcase name="@BeforeMethod before" time="0.0" classname="tests.TestBank750">
    <skipped/>
  </testcase> <!-- @BeforeMethod before -->
  <testcase name="@BeforeMethod login" time="0.0" classname="tests.TestBank750">
    <skipped/>
  </testcase> <!-- @BeforeMethod login -->
  <testcase name="@AfterMethod after" time="0.0" classname="tests.TestBank750">
    <skipped/>
  </testcase> <!-- @AfterMethod after -->
  <testcase name="@BeforeMethod before" time="0.0" classname="tests.TestBank750">
    <skipped/>
  </testcase> <!-- @BeforeMethod before -->
  <testcase name="@BeforeMethod login" time="0.0" classname="tests.TestBank750">
    <skipped/>
  </testcase> <!-- @BeforeMethod login -->
  <testcase name="@AfterMethod after" time="0.0" classname="tests.TestBank750">
    <skipped/>
  </testcase> <!-- @AfterMethod after -->
  <testcase name="@BeforeMethod before" time="0.0" classname="tests.TestBank750">
    <skipped/>
  </testcase> <!-- @BeforeMethod before -->
  <testcase name="@BeforeMethod login" time="0.0" classname="tests.TestBank750">
    <skipped/>
  </testcase> <!-- @BeforeMethod login -->
  <testcase name="@AfterMethod after" time="0.0" classname="tests.TestBank750">
    <skipped/>
  </testcase> <!-- @AfterMethod after -->
  <testcase name="@BeforeMethod before" time="0.0" classname="tests.TestBank750">
    <skipped/>
  </testcase> <!-- @BeforeMethod before -->
  <testcase name="@BeforeMethod login" time="0.0" classname="tests.TestBank750">
    <skipped/>
  </testcase> <!-- @BeforeMethod login -->
  <testcase name="@AfterMethod after" time="0.0" classname="tests.TestBank750">
    <skipped/>
  </testcase> <!-- @AfterMethod after -->
  <testcase name="@BeforeMethod before" time="0.0" classname="tests.TestBank750">
    <skipped/>
  </testcase> <!-- @BeforeMethod before -->
  <testcase name="@BeforeMethod login" time="0.0" classname="tests.TestBank750">
    <skipped/>
  </testcase> <!-- @BeforeMethod login -->
  <testcase name="@AfterMethod after" time="0.0" classname="tests.TestBank750">
    <skipped/>
  </testcase> <!-- @AfterMethod after -->
  <testcase name="@BeforeMethod before" time="0.0" classname="tests.TestBank750">
    <skipped/>
  </testcase> <!-- @BeforeMethod before -->
  <testcase name="@BeforeMethod login" time="0.0" classname="tests.TestBank750">
    <skipped/>
  </testcase> <!-- @BeforeMethod login -->
  <testcase name="@AfterMethod after" time="0.0" classname="tests.TestBank750">
    <skipped/>
  </testcase> <!-- @AfterMethod after -->
  <testcase name="@BeforeMethod before" time="0.0" classname="tests.TestBank750">
    <skipped/>
  </testcase> <!-- @BeforeMethod before -->
  <testcase name="@BeforeMethod login" time="0.0" classname="tests.TestBank750">
    <skipped/>
  </testcase> <!-- @BeforeMethod login -->
  <testcase name="@AfterMethod after" time="0.0" classname="tests.TestBank750">
    <skipped/>
  </testcase> <!-- @AfterMethod after -->
  <testcase name="@BeforeMethod before" time="0.0" classname="tests.TestBank750">
    <skipped/>
  </testcase> <!-- @BeforeMethod before -->
  <testcase name="@BeforeMethod login" time="0.0" classname="tests.TestBank750">
    <skipped/>
  </testcase> <!-- @BeforeMethod login -->
  <testcase name="@AfterMethod after" time="0.0" classname="tests.TestBank750">
    <skipped/>
  </testcase> <!-- @AfterMethod after -->
  <testcase name="@BeforeMethod before" time="0.0" classname="tests.TestBank750">
    <skipped/>
  </testcase> <!-- @BeforeMethod before -->
  <testcase name="@BeforeMethod login" time="0.0" classname="tests.TestBank750">
    <skipped/>
  </testcase> <!-- @BeforeMethod login -->
  <testcase name="@AfterMethod after" time="0.0" classname="tests.TestBank750">
    <skipped/>
  </testcase> <!-- @AfterMethod after -->
  <testcase name="@BeforeMethod before" time="0.0" classname="tests.TestBank750">
    <skipped/>
  </testcase> <!-- @BeforeMethod before -->
  <testcase name="@BeforeMethod login" time="0.0" classname="tests.TestBank750">
    <skipped/>
  </testcase> <!-- @BeforeMethod login -->
  <testcase name="@AfterMethod after" time="0.0" classname="tests.TestBank750">
    <skipped/>
  </testcase> <!-- @AfterMethod after -->
  <testcase name="@BeforeMethod before" time="0.0" classname="tests.TestBank750">
    <skipped/>
  </testcase> <!-- @BeforeMethod before -->
  <testcase name="@BeforeMethod login" time="0.0" classname="tests.TestBank750">
    <skipped/>
  </testcase> <!-- @BeforeMethod login -->
  <testcase name="@AfterMethod after" time="0.0" classname="tests.TestBank750">
    <skipped/>
  </testcase> <!-- @AfterMethod after -->
  <testcase name="@BeforeMethod before" time="0.0" classname="tests.TestBank750">
    <skipped/>
  </testcase> <!-- @BeforeMethod before -->
  <testcase name="@BeforeMethod login" time="0.0" classname="tests.TestBank750">
    <skipped/>
  </testcase> <!-- @BeforeMethod login -->
  <testcase name="@AfterMethod after" time="0.0" classname="tests.TestBank750">
    <skipped/>
  </testcase> <!-- @AfterMethod after -->
  <testcase name="@BeforeMethod before" time="0.0" classname="tests.TestBank750">
    <skipped/>
  </testcase> <!-- @BeforeMethod before -->
  <testcase name="@BeforeMethod login" time="0.0" classname="tests.TestBank750">
    <skipped/>
  </testcase> <!-- @BeforeMethod login -->
  <testcase name="@AfterMethod after" time="0.0" classname="tests.TestBank750">
    <skipped/>
  </testcase> <!-- @AfterMethod after -->
  <testcase name="@BeforeMethod before" time="0.0" classname="tests.TestBank750">
    <skipped/>
  </testcase> <!-- @BeforeMethod before -->
  <testcase name="@BeforeMethod login" time="0.0" classname="tests.TestBank750">
    <skipped/>
  </testcase> <!-- @BeforeMethod login -->
  <testcase name="@AfterMethod after" time="0.0" classname="tests.TestBank750">
    <skipped/>
  </testcase> <!-- @AfterMethod after -->
  <testcase name="@BeforeMethod before" time="0.0" classname="tests.TestBank750">
    <skipped/>
  </testcase> <!-- @BeforeMethod before -->
  <testcase name="@BeforeMethod login" time="0.0" classname="tests.TestBank750">
    <skipped/>
  </testcase> <!-- @BeforeMethod login -->
  <testcase name="@AfterMethod after" time="0.0" classname="tests.TestBank750">
    <skipped/>
  </testcase> <!-- @AfterMethod after -->
  <testcase name="@BeforeMethod before" time="0.0" classname="tests.TestBank750">
    <skipped/>
  </testcase> <!-- @BeforeMethod before -->
  <testcase name="@BeforeMethod login" time="0.0" classname="tests.TestBank750">
    <skipped/>
  </testcase> <!-- @BeforeMethod login -->
  <testcase name="@AfterMethod after" time="0.0" classname="tests.TestBank750">
    <skipped/>
  </testcase> <!-- @AfterMethod after -->
  <testcase name="@BeforeMethod before" time="0.0" classname="tests.TestBank750">
    <skipped/>
  </testcase> <!-- @BeforeMethod before -->
  <testcase name="@BeforeMethod login" time="0.0" classname="tests.TestBank750">
    <skipped/>
  </testcase> <!-- @BeforeMethod login -->
  <testcase name="@AfterMethod after" time="0.0" classname="tests.TestBank750">
    <skipped/>
  </testcase> <!-- @AfterMethod after -->
  <testcase name="@BeforeMethod before" time="0.0" classname="tests.TestBank750">
    <skipped/>
  </testcase> <!-- @BeforeMethod before -->
  <testcase name="@BeforeMethod login" time="0.0" classname="tests.TestBank750">
    <skipped/>
  </testcase> <!-- @BeforeMethod login -->
  <testcase name="@AfterMethod after" time="0.0" classname="tests.TestBank750">
    <skipped/>
  </testcase> <!-- @AfterMethod after -->
  <testcase name="@BeforeMethod before" time="0.0" classname="tests.TestBank750">
    <skipped/>
  </testcase> <!-- @BeforeMethod before -->
  <testcase name="@BeforeMethod login" time="0.0" classname="tests.TestBank750">
    <skipped/>
  </testcase> <!-- @BeforeMethod login -->
  <testcase name="@AfterMethod after" time="0.0" classname="tests.TestBank750">
    <skipped/>
  </testcase> <!-- @AfterMethod after -->
  <testcase name="@BeforeMethod before" time="0.0" classname="tests.TestBank750">
    <skipped/>
  </testcase> <!-- @BeforeMethod before -->
  <testcase name="@BeforeMethod login" time="0.0" classname="tests.TestBank750">
    <skipped/>
  </testcase> <!-- @BeforeMethod login -->
  <testcase name="@AfterMethod after" time="0.0" classname="tests.TestBank750">
    <skipped/>
  </testcase> <!-- @AfterMethod after -->
  <testcase name="@BeforeMethod before" time="0.0" classname="tests.TestBank750">
    <skipped/>
  </testcase> <!-- @BeforeMethod before -->
  <testcase name="@BeforeMethod login" time="0.0" classname="tests.TestBank750">
    <skipped/>
  </testcase> <!-- @BeforeMethod login -->
  <testcase name="@AfterMethod after" time="0.0" classname="tests.TestBank750">
    <skipped/>
  </testcase> <!-- @AfterMethod after -->
  <testcase name="@BeforeMethod before" time="0.0" classname="tests.TestBank750">
    <skipped/>
  </testcase> <!-- @BeforeMethod before -->
  <testcase name="@BeforeMethod login" time="0.0" classname="tests.TestBank750">
    <skipped/>
  </testcase> <!-- @BeforeMethod login -->
  <testcase name="@AfterMethod after" time="0.0" classname="tests.TestBank750">
    <skipped/>
  </testcase> <!-- @AfterMethod after -->
  <testcase name="@BeforeMethod before" time="0.0" classname="tests.TestBank750">
    <skipped/>
  </testcase> <!-- @BeforeMethod before -->
  <testcase name="@BeforeMethod login" time="0.0" classname="tests.TestBank750">
    <skipped/>
  </testcase> <!-- @BeforeMethod login -->
  <testcase name="@AfterMethod after" time="0.0" classname="tests.TestBank750">
    <skipped/>
  </testcase> <!-- @AfterMethod after -->
  <testcase name="@BeforeMethod before" time="0.0" classname="tests.TestBank750">
    <skipped/>
  </testcase> <!-- @BeforeMethod before -->
  <testcase name="@BeforeMethod login" time="0.0" classname="tests.TestBank750">
    <skipped/>
  </testcase> <!-- @BeforeMethod login -->
  <testcase name="@AfterMethod after" time="0.0" classname="tests.TestBank750">
    <skipped/>
  </testcase> <!-- @AfterMethod after -->
  <testcase name="@BeforeMethod before" time="0.0" classname="tests.TestBank750">
    <skipped/>
  </testcase> <!-- @BeforeMethod before -->
  <testcase name="@BeforeMethod login" time="0.0" classname="tests.TestBank750">
    <skipped/>
  </testcase> <!-- @BeforeMethod login -->
  <testcase name="@AfterMethod after" time="0.0" classname="tests.TestBank750">
    <skipped/>
  </testcase> <!-- @AfterMethod after -->
  <testcase name="@BeforeMethod before" time="0.0" classname="tests.TestBank750">
    <skipped/>
  </testcase> <!-- @BeforeMethod before -->
  <testcase name="@BeforeMethod login" time="0.0" classname="tests.TestBank750">
    <skipped/>
  </testcase> <!-- @BeforeMethod login -->
  <testcase name="@AfterMethod after" time="0.0" classname="tests.TestBank750">
    <skipped/>
  </testcase> <!-- @AfterMethod after -->
  <testcase name="@BeforeMethod before" time="0.0" classname="tests.TestBank750">
    <skipped/>
  </testcase> <!-- @BeforeMethod before -->
  <testcase name="@BeforeMethod login" time="0.0" classname="tests.TestBank750">
    <skipped/>
  </testcase> <!-- @BeforeMethod login -->
  <testcase name="@AfterMethod after" time="0.0" classname="tests.TestBank750">
    <skipped/>
  </testcase> <!-- @AfterMethod after -->
  <testcase name="@BeforeMethod before" time="0.0" classname="tests.TestBank750">
    <skipped/>
  </testcase> <!-- @BeforeMethod before -->
  <testcase name="@BeforeMethod login" time="0.0" classname="tests.TestBank750">
    <skipped/>
  </testcase> <!-- @BeforeMethod login -->
  <testcase name="@AfterMethod after" time="0.0" classname="tests.TestBank750">
    <skipped/>
  </testcase> <!-- @AfterMethod after -->
  <testcase name="@BeforeMethod before" time="0.0" classname="tests.TestBank750">
    <skipped/>
  </testcase> <!-- @BeforeMethod before -->
  <testcase name="@BeforeMethod login" time="0.0" classname="tests.TestBank750">
    <skipped/>
  </testcase> <!-- @BeforeMethod login -->
  <testcase name="@AfterMethod after" time="0.0" classname="tests.TestBank750">
    <skipped/>
  </testcase> <!-- @AfterMethod after -->
  <testcase name="@BeforeMethod before" time="0.0" classname="tests.TestBank750">
    <skipped/>
  </testcase> <!-- @BeforeMethod before -->
  <testcase name="@BeforeMethod login" time="0.0" classname="tests.TestBank750">
    <skipped/>
  </testcase> <!-- @BeforeMethod login -->
  <testcase name="@AfterMethod after" time="0.0" classname="tests.TestBank750">
    <skipped/>
  </testcase> <!-- @AfterMethod after -->
  <testcase name="@BeforeMethod before" time="0.0" classname="tests.TestBank750">
    <skipped/>
  </testcase> <!-- @BeforeMethod before -->
  <testcase name="@BeforeMethod login" time="0.0" classname="tests.TestBank750">
    <skipped/>
  </testcase> <!-- @BeforeMethod login -->
  <testcase name="@AfterMethod after" time="0.0" classname="tests.TestBank750">
    <skipped/>
  </testcase> <!-- @AfterMethod after -->
  <testcase name="@BeforeMethod before" time="0.0" classname="tests.TestBank750">
    <skipped/>
  </testcase> <!-- @BeforeMethod before -->
  <testcase name="@BeforeMethod login" time="0.0" classname="tests.TestBank750">
    <skipped/>
  </testcase> <!-- @BeforeMethod login -->
  <testcase name="@AfterMethod after" time="0.0" classname="tests.TestBank750">
    <skipped/>
  </testcase> <!-- @AfterMethod after -->
  <testcase name="@BeforeMethod before" time="0.0" classname="tests.TestBank750">
    <skipped/>
  </testcase> <!-- @BeforeMethod before -->
  <testcase name="@BeforeMethod login" time="0.0" classname="tests.TestBank750">
    <skipped/>
  </testcase> <!-- @BeforeMethod login -->
  <testcase name="@AfterMethod after" time="0.0" classname="tests.TestBank750">
    <skipped/>
  </testcase> <!-- @AfterMethod after -->
  <testcase name="@BeforeMethod before" time="0.0" classname="tests.TestBank750">
    <skipped/>
  </testcase> <!-- @BeforeMethod before -->
  <testcase name="@BeforeMethod login" time="0.0" classname="tests.TestBank750">
    <skipped/>
  </testcase> <!-- @BeforeMethod login -->
  <testcase name="@AfterMethod after" time="0.0" classname="tests.TestBank750">
    <skipped/>
  </testcase> <!-- @AfterMethod after -->
  <testcase name="@BeforeMethod before" time="0.0" classname="tests.TestBank750">
    <skipped/>
  </testcase> <!-- @BeforeMethod before -->
  <testcase name="@BeforeMethod login" time="0.0" classname="tests.TestBank750">
    <skipped/>
  </testcase> <!-- @BeforeMethod login -->
  <testcase name="@AfterMethod after" time="0.0" classname="tests.TestBank750">
    <skipped/>
  </testcase> <!-- @AfterMethod after -->
  <testcase name="@BeforeMethod before" time="0.0" classname="tests.TestBank750">
    <skipped/>
  </testcase> <!-- @BeforeMethod before -->
  <testcase name="@BeforeMethod login" time="0.0" classname="tests.TestBank750">
    <skipped/>
  </testcase> <!-- @BeforeMethod login -->
  <testcase name="@AfterMethod after" time="0.0" classname="tests.TestBank750">
    <skipped/>
  </testcase> <!-- @AfterMethod after -->
  <testcase name="@BeforeMethod before" time="0.0" classname="tests.TestBank750">
    <skipped/>
  </testcase> <!-- @BeforeMethod before -->
  <testcase name="@BeforeMethod login" time="0.0" classname="tests.TestBank750">
    <skipped/>
  </testcase> <!-- @BeforeMethod login -->
  <testcase name="@AfterMethod after" time="0.0" classname="tests.TestBank750">
    <skipped/>
  </testcase> <!-- @AfterMethod after -->
  <testcase name="@BeforeMethod before" time="0.0" classname="tests.TestBank750">
    <skipped/>
  </testcase> <!-- @BeforeMethod before -->
  <testcase name="@BeforeMethod login" time="0.0" classname="tests.TestBank750">
    <skipped/>
  </testcase> <!-- @BeforeMethod login -->
  <testcase name="@AfterMethod after" time="0.0" classname="tests.TestBank750">
    <skipped/>
  </testcase> <!-- @AfterMethod after -->
  <testcase name="@BeforeMethod before" time="0.0" classname="tests.TestBank750">
    <skipped/>
  </testcase> <!-- @BeforeMethod before -->
  <testcase name="@BeforeMethod login" time="0.0" classname="tests.TestBank750">
    <skipped/>
  </testcase> <!-- @BeforeMethod login -->
  <testcase name="@AfterMethod after" time="0.0" classname="tests.TestBank750">
    <skipped/>
  </testcase> <!-- @AfterMethod after -->
  <testcase name="@BeforeMethod before" time="0.0" classname="tests.TestBank750">
    <skipped/>
  </testcase> <!-- @BeforeMethod before -->
  <testcase name="@BeforeMethod login" time="0.0" classname="tests.TestBank750">
    <skipped/>
  </testcase> <!-- @BeforeMethod login -->
  <testcase name="@AfterMethod after" time="0.0" classname="tests.TestBank750">
    <skipped/>
  </testcase> <!-- @AfterMethod after -->
  <testcase name="@BeforeMethod before" time="0.0" classname="tests.TestBank750">
    <skipped/>
  </testcase> <!-- @BeforeMethod before -->
  <testcase name="@BeforeMethod login" time="0.0" classname="tests.TestBank750">
    <skipped/>
  </testcase> <!-- @BeforeMethod login -->
  <testcase name="@AfterMethod after" time="0.0" classname="tests.TestBank750">
    <skipped/>
  </testcase> <!-- @AfterMethod after -->
  <testcase name="@BeforeMethod before" time="0.0" classname="tests.TestBank750">
    <skipped/>
  </testcase> <!-- @BeforeMethod before -->
  <testcase name="@BeforeMethod login" time="0.0" classname="tests.TestBank750">
    <skipped/>
  </testcase> <!-- @BeforeMethod login -->
  <testcase name="@AfterMethod after" time="0.0" classname="tests.TestBank750">
    <skipped/>
  </testcase> <!-- @AfterMethod after -->
  <testcase name="@BeforeMethod before" time="0.0" classname="tests.TestBank750">
    <skipped/>
  </testcase> <!-- @BeforeMethod before -->
  <testcase name="@BeforeMethod login" time="0.0" classname="tests.TestBank750">
    <skipped/>
  </testcase> <!-- @BeforeMethod login -->
  <testcase name="@AfterMethod after" time="0.0" classname="tests.TestBank750">
    <skipped/>
  </testcase> <!-- @AfterMethod after -->
  <testcase name="@BeforeMethod before" time="0.0" classname="tests.TestBank750">
    <skipped/>
  </testcase> <!-- @BeforeMethod before -->
  <testcase name="@BeforeMethod login" time="0.0" classname="tests.TestBank750">
    <skipped/>
  </testcase> <!-- @BeforeMethod login -->
  <testcase name="@AfterMethod after" time="0.0" classname="tests.TestBank750">
    <skipped/>
  </testcase> <!-- @AfterMethod after -->
  <testcase name="@BeforeMethod before" time="0.0" classname="tests.TestBank750">
    <skipped/>
  </testcase> <!-- @BeforeMethod before -->
  <testcase name="@BeforeMethod login" time="0.0" classname="tests.TestBank750">
    <skipped/>
  </testcase> <!-- @BeforeMethod login -->
  <testcase name="@AfterMethod after" time="0.0" classname="tests.TestBank750">
    <skipped/>
  </testcase> <!-- @AfterMethod after -->
  <testcase name="@BeforeMethod before" time="0.0" classname="tests.TestBank750">
    <skipped/>
  </testcase> <!-- @BeforeMethod before -->
  <testcase name="@BeforeMethod login" time="0.0" classname="tests.TestBank750">
    <skipped/>
  </testcase> <!-- @BeforeMethod login -->
  <testcase name="@AfterMethod after" time="0.0" classname="tests.TestBank750">
    <skipped/>
  </testcase> <!-- @AfterMethod after -->
  <testcase name="@BeforeMethod before" time="0.0" classname="tests.TestBank750">
    <skipped/>
  </testcase> <!-- @BeforeMethod before -->
  <testcase name="@BeforeMethod login" time="0.0" classname="tests.TestBank750">
    <skipped/>
  </testcase> <!-- @BeforeMethod login -->
  <testcase name="@AfterMethod after" time="0.0" classname="tests.TestBank750">
    <skipped/>
  </testcase> <!-- @AfterMethod after -->
  <testcase name="@BeforeMethod before" time="0.0" classname="tests.TestBank750">
    <skipped/>
  </testcase> <!-- @BeforeMethod before -->
  <testcase name="@BeforeMethod login" time="0.0" classname="tests.TestBank750">
    <skipped/>
  </testcase> <!-- @BeforeMethod login -->
  <testcase name="@AfterMethod after" time="0.0" classname="tests.TestBank750">
    <skipped/>
  </testcase> <!-- @AfterMethod after -->
  <testcase name="@BeforeMethod before" time="0.0" classname="tests.TestBank750">
    <skipped/>
  </testcase> <!-- @BeforeMethod before -->
  <testcase name="@BeforeMethod login" time="0.0" classname="tests.TestBank750">
    <skipped/>
  </testcase> <!-- @BeforeMethod login -->
  <testcase name="@AfterMethod after" time="0.0" classname="tests.TestBank750">
    <skipped/>
  </testcase> <!-- @AfterMethod after -->
  <testcase name="@BeforeMethod before" time="0.0" classname="tests.TestBank750">
    <skipped/>
  </testcase> <!-- @BeforeMethod before -->
  <testcase name="@BeforeMethod login" time="0.0" classname="tests.TestBank750">
    <skipped/>
  </testcase> <!-- @BeforeMethod login -->
  <testcase name="@AfterMethod after" time="0.0" classname="tests.TestBank750">
    <skipped/>
  </testcase> <!-- @AfterMethod after -->
  <testcase name="@BeforeMethod before" time="0.0" classname="tests.TestBank750">
    <skipped/>
  </testcase> <!-- @BeforeMethod before -->
  <testcase name="@BeforeMethod login" time="0.0" classname="tests.TestBank750">
    <skipped/>
  </testcase> <!-- @BeforeMethod login -->
  <testcase name="@AfterMethod after" time="0.0" classname="tests.TestBank750">
    <skipped/>
  </testcase> <!-- @AfterMethod after -->
  <testcase name="@BeforeMethod before" time="0.0" classname="tests.TestBank750">
    <skipped/>
  </testcase> <!-- @BeforeMethod before -->
  <testcase name="@BeforeMethod login" time="0.0" classname="tests.TestBank750">
    <skipped/>
  </testcase> <!-- @BeforeMethod login -->
  <testcase name="@AfterMethod after" time="0.0" classname="tests.TestBank750">
    <skipped/>
  </testcase> <!-- @AfterMethod after -->
  <testcase name="@BeforeMethod before" time="0.0" classname="tests.TestBank750">
    <skipped/>
  </testcase> <!-- @BeforeMethod before -->
  <testcase name="@BeforeMethod login" time="0.0" classname="tests.TestBank750">
    <skipped/>
  </testcase> <!-- @BeforeMethod login -->
  <testcase name="@AfterMethod after" time="0.0" classname="tests.TestBank750">
    <skipped/>
  </testcase> <!-- @AfterMethod after -->
  <testcase name="@BeforeMethod before" time="0.0" classname="tests.TestBank750">
    <skipped/>
  </testcase> <!-- @BeforeMethod before -->
  <testcase name="@BeforeMethod login" time="0.0" classname="tests.TestBank750">
    <skipped/>
  </testcase> <!-- @BeforeMethod login -->
  <testcase name="@AfterMethod after" time="0.0" classname="tests.TestBank750">
    <skipped/>
  </testcase> <!-- @AfterMethod after -->
  <testcase name="@BeforeMethod before" time="0.0" classname="tests.TestBank750">
    <skipped/>
  </testcase> <!-- @BeforeMethod before -->
  <testcase name="@BeforeMethod login" time="0.0" classname="tests.TestBank750">
    <skipped/>
  </testcase> <!-- @BeforeMethod login -->
  <testcase name="@AfterMethod after" time="0.0" classname="tests.TestBank750">
    <skipped/>
  </testcase> <!-- @AfterMethod after -->
  <testcase name="@BeforeMethod before" time="0.0" classname="tests.TestBank750">
    <skipped/>
  </testcase> <!-- @BeforeMethod before -->
  <testcase name="@BeforeMethod login" time="0.0" classname="tests.TestBank750">
    <skipped/>
  </testcase> <!-- @BeforeMethod login -->
  <testcase name="@AfterMethod after" time="0.0" classname="tests.TestBank750">
    <skipped/>
  </testcase> <!-- @AfterMethod after -->
  <testcase name="@BeforeMethod before" time="0.0" classname="tests.TestBank750">
    <skipped/>
  </testcase> <!-- @BeforeMethod before -->
  <testcase name="@BeforeMethod login" time="0.0" classname="tests.TestBank750">
    <skipped/>
  </testcase> <!-- @BeforeMethod login -->
  <testcase name="@AfterMethod after" time="0.0" classname="tests.TestBank750">
    <skipped/>
  </testcase> <!-- @AfterMethod after -->
  <testcase name="@BeforeMethod before" time="0.0" classname="tests.TestBank750">
    <skipped/>
  </testcase> <!-- @BeforeMethod before -->
  <testcase name="@BeforeMethod login" time="0.0" classname="tests.TestBank750">
    <skipped/>
  </testcase> <!-- @BeforeMethod login -->
  <testcase name="@AfterMethod after" time="0.0" classname="tests.TestBank750">
    <skipped/>
  </testcase> <!-- @AfterMethod after -->
  <testcase name="@BeforeMethod before" time="0.0" classname="tests.TestBank750">
    <skipped/>
  </testcase> <!-- @BeforeMethod before -->
  <testcase name="@BeforeMethod login" time="0.0" classname="tests.TestBank750">
    <skipped/>
  </testcase> <!-- @BeforeMethod login -->
  <testcase name="@AfterMethod after" time="0.0" classname="tests.TestBank750">
    <skipped/>
  </testcase> <!-- @AfterMethod after -->
  <testcase name="@BeforeMethod before" time="0.0" classname="tests.TestBank750">
    <skipped/>
  </testcase> <!-- @BeforeMethod before -->
  <testcase name="@BeforeMethod login" time="0.0" classname="tests.TestBank750">
    <skipped/>
  </testcase> <!-- @BeforeMethod login -->
  <testcase name="@AfterMethod after" time="0.0" classname="tests.TestBank750">
    <skipped/>
  </testcase> <!-- @AfterMethod after -->
  <testcase name="@BeforeMethod before" time="0.0" classname="tests.TestBank750">
    <skipped/>
  </testcase> <!-- @BeforeMethod before -->
  <testcase name="@BeforeMethod login" time="0.0" classname="tests.TestBank750">
    <skipped/>
  </testcase> <!-- @BeforeMethod login -->
  <testcase name="@AfterMethod after" time="0.0" classname="tests.TestBank750">
    <skipped/>
  </testcase> <!-- @AfterMethod after -->
  <testcase name="@BeforeMethod before" time="0.0" classname="tests.TestBank750">
    <skipped/>
  </testcase> <!-- @BeforeMethod before -->
  <testcase name="@BeforeMethod login" time="0.0" classname="tests.TestBank750">
    <skipped/>
  </testcase> <!-- @BeforeMethod login -->
  <testcase name="@AfterMethod after" time="0.0" classname="tests.TestBank750">
    <skipped/>
  </testcase> <!-- @AfterMethod after -->
  <testcase name="@BeforeMethod before" time="0.0" classname="tests.TestBank750">
    <skipped/>
  </testcase> <!-- @BeforeMethod before -->
  <testcase name="@BeforeMethod login" time="0.0" classname="tests.TestBank750">
    <skipped/>
  </testcase> <!-- @BeforeMethod login -->
  <testcase name="@AfterMethod after" time="0.0" classname="tests.TestBank750">
    <skipped/>
  </testcase> <!-- @AfterMethod after -->
  <testcase name="@BeforeMethod before" time="0.0" classname="tests.TestBank750">
    <skipped/>
  </testcase> <!-- @BeforeMethod before -->
  <testcase name="@BeforeMethod login" time="0.0" classname="tests.TestBank750">
    <skipped/>
  </testcase> <!-- @BeforeMethod login -->
  <testcase name="@AfterMethod after" time="0.0" classname="tests.TestBank750">
    <skipped/>
  </testcase> <!-- @AfterMethod after -->
  <testcase name="@BeforeMethod before" time="0.0" classname="tests.TestBank750">
    <skipped/>
  </testcase> <!-- @BeforeMethod before -->
  <testcase name="@BeforeMethod login" time="0.0" classname="tests.TestBank750">
    <skipped/>
  </testcase> <!-- @BeforeMethod login -->
  <testcase name="@AfterMethod after" time="0.0" classname="tests.TestBank750">
    <skipped/>
  </testcase> <!-- @AfterMethod after -->
  <testcase name="@BeforeMethod before" time="0.0" classname="tests.TestBank750">
    <skipped/>
  </testcase> <!-- @BeforeMethod before -->
  <testcase name="@BeforeMethod login" time="0.0" classname="tests.TestBank750">
    <skipped/>
  </testcase> <!-- @BeforeMethod login -->
  <testcase name="@AfterMethod after" time="0.0" classname="tests.TestBank750">
    <skipped/>
  </testcase> <!-- @AfterMethod after -->
  <testcase name="@BeforeMethod before" time="0.0" classname="tests.TestBank750">
    <skipped/>
  </testcase> <!-- @BeforeMethod before -->
  <testcase name="@BeforeMethod login" time="0.0" classname="tests.TestBank750">
    <skipped/>
  </testcase> <!-- @BeforeMethod login -->
  <testcase name="@AfterMethod after" time="0.0" classname="tests.TestBank750">
    <skipped/>
  </testcase> <!-- @AfterMethod after -->
  <testcase name="@BeforeMethod before" time="0.0" classname="tests.TestBank750">
    <skipped/>
  </testcase> <!-- @BeforeMethod before -->
  <testcase name="@BeforeMethod login" time="0.0" classname="tests.TestBank750">
    <skipped/>
  </testcase> <!-- @BeforeMethod login -->
  <testcase name="@AfterMethod after" time="0.0" classname="tests.TestBank750">
    <skipped/>
  </testcase> <!-- @AfterMethod after -->
  <testcase name="@BeforeMethod before" time="0.0" classname="tests.TestBank750">
    <skipped/>
  </testcase> <!-- @BeforeMethod before -->
  <testcase name="@BeforeMethod login" time="0.0" classname="tests.TestBank750">
    <skipped/>
  </testcase> <!-- @BeforeMethod login -->
  <testcase name="@AfterMethod after" time="0.0" classname="tests.TestBank750">
    <skipped/>
  </testcase> <!-- @AfterMethod after -->
  <testcase name="@BeforeMethod before" time="0.0" classname="tests.TestBank750">
    <skipped/>
  </testcase> <!-- @BeforeMethod before -->
  <testcase name="@BeforeMethod login" time="0.0" classname="tests.TestBank750">
    <skipped/>
  </testcase> <!-- @BeforeMethod login -->
  <testcase name="@AfterMethod after" time="0.0" classname="tests.TestBank750">
    <skipped/>
  </testcase> <!-- @AfterMethod after -->
  <testcase name="@BeforeMethod before" time="0.0" classname="tests.TestBank750">
    <skipped/>
  </testcase> <!-- @BeforeMethod before -->
  <testcase name="@BeforeMethod login" time="0.0" classname="tests.TestBank750">
    <skipped/>
  </testcase> <!-- @BeforeMethod login -->
  <testcase name="@AfterMethod after" time="0.0" classname="tests.TestBank750">
    <skipped/>
  </testcase> <!-- @AfterMethod after -->
  <testcase name="@BeforeMethod before" time="0.0" classname="tests.TestBank750">
    <skipped/>
  </testcase> <!-- @BeforeMethod before -->
  <testcase name="@BeforeMethod login" time="0.0" classname="tests.TestBank750">
    <skipped/>
  </testcase> <!-- @BeforeMethod login -->
  <testcase name="@AfterMethod after" time="0.0" classname="tests.TestBank750">
    <skipped/>
  </testcase> <!-- @AfterMethod after -->
  <testcase name="@BeforeMethod before" time="0.0" classname="tests.TestBank750">
    <skipped/>
  </testcase> <!-- @BeforeMethod before -->
  <testcase name="@BeforeMethod login" time="0.0" classname="tests.TestBank750">
    <skipped/>
  </testcase> <!-- @BeforeMethod login -->
  <testcase name="@AfterMethod after" time="0.0" classname="tests.TestBank750">
    <skipped/>
  </testcase> <!-- @AfterMethod after -->
  <testcase name="@BeforeMethod before" time="0.0" classname="tests.TestBank750">
    <skipped/>
  </testcase> <!-- @BeforeMethod before -->
  <testcase name="@BeforeMethod login" time="0.0" classname="tests.TestBank750">
    <skipped/>
  </testcase> <!-- @BeforeMethod login -->
  <testcase name="@AfterMethod after" time="0.0" classname="tests.TestBank750">
    <skipped/>
  </testcase> <!-- @AfterMethod after -->
  <testcase name="@BeforeMethod before" time="0.0" classname="tests.TestBank750">
    <skipped/>
  </testcase> <!-- @BeforeMethod before -->
  <testcase name="@BeforeMethod login" time="0.0" classname="tests.TestBank750">
    <skipped/>
  </testcase> <!-- @BeforeMethod login -->
  <testcase name="@AfterMethod after" time="0.0" classname="tests.TestBank750">
    <skipped/>
  </testcase> <!-- @AfterMethod after -->
  <testcase name="@BeforeMethod before" time="0.0" classname="tests.TestBank750">
    <skipped/>
  </testcase> <!-- @BeforeMethod before -->
  <testcase name="@BeforeMethod login" time="0.0" classname="tests.TestBank750">
    <skipped/>
  </testcase> <!-- @BeforeMethod login -->
  <testcase name="@AfterMethod after" time="0.0" classname="tests.TestBank750">
    <skipped/>
  </testcase> <!-- @AfterMethod after -->
  <testcase name="@BeforeMethod before" time="0.0" classname="tests.TestBank750">
    <skipped/>
  </testcase> <!-- @BeforeMethod before -->
  <testcase name="@BeforeMethod login" time="0.0" classname="tests.TestBank750">
    <skipped/>
  </testcase> <!-- @BeforeMethod login -->
  <testcase name="@AfterMethod after" time="0.0" classname="tests.TestBank750">
    <skipped/>
  </testcase> <!-- @AfterMethod after -->
  <testcase name="@BeforeMethod before" time="0.0" classname="tests.TestBank750">
    <skipped/>
  </testcase> <!-- @BeforeMethod before -->
  <testcase name="@BeforeMethod login" time="0.0" classname="tests.TestBank750">
    <skipped/>
  </testcase> <!-- @BeforeMethod login -->
  <testcase name="@AfterMethod after" time="0.0" classname="tests.TestBank750">
    <skipped/>
  </testcase> <!-- @AfterMethod after -->
  <testcase name="@BeforeMethod before" time="0.0" classname="tests.TestBank750">
    <skipped/>
  </testcase> <!-- @BeforeMethod before -->
  <testcase name="@BeforeMethod login" time="0.0" classname="tests.TestBank750">
    <skipped/>
  </testcase> <!-- @BeforeMethod login -->
  <testcase name="@AfterMethod after" time="0.0" classname="tests.TestBank750">
    <skipped/>
  </testcase> <!-- @AfterMethod after -->
  <testcase name="@BeforeMethod before" time="0.0" classname="tests.TestBank750">
    <skipped/>
  </testcase> <!-- @BeforeMethod before -->
  <testcase name="@BeforeMethod login" time="0.0" classname="tests.TestBank750">
    <skipped/>
  </testcase> <!-- @BeforeMethod login -->
  <testcase name="@AfterMethod after" time="0.0" classname="tests.TestBank750">
    <skipped/>
  </testcase> <!-- @AfterMethod after -->
  <testcase name="@BeforeMethod before" time="0.0" classname="tests.TestBank750">
    <skipped/>
  </testcase> <!-- @BeforeMethod before -->
  <testcase name="@BeforeMethod login" time="0.0" classname="tests.TestBank750">
    <skipped/>
  </testcase> <!-- @BeforeMethod login -->
  <testcase name="@AfterMethod after" time="0.0" classname="tests.TestBank750">
    <skipped/>
  </testcase> <!-- @AfterMethod after -->
  <testcase name="@BeforeMethod before" time="0.0" classname="tests.TestBank750">
    <skipped/>
  </testcase> <!-- @BeforeMethod before -->
  <testcase name="@BeforeMethod login" time="0.0" classname="tests.TestBank750">
    <skipped/>
  </testcase> <!-- @BeforeMethod login -->
  <testcase name="@AfterMethod after" time="0.0" classname="tests.TestBank750">
    <skipped/>
  </testcase> <!-- @AfterMethod after -->
  <testcase name="@BeforeMethod before" time="0.0" classname="tests.TestBank750">
    <skipped/>
  </testcase> <!-- @BeforeMethod before -->
  <testcase name="@BeforeMethod login" time="0.0" classname="tests.TestBank750">
    <skipped/>
  </testcase> <!-- @BeforeMethod login -->
  <testcase name="@AfterMethod after" time="0.0" classname="tests.TestBank750">
    <skipped/>
  </testcase> <!-- @AfterMethod after -->
  <testcase name="@BeforeMethod before" time="0.0" classname="tests.TestBank750">
    <skipped/>
  </testcase> <!-- @BeforeMethod before -->
  <testcase name="@BeforeMethod login" time="0.0" classname="tests.TestBank750">
    <skipped/>
  </testcase> <!-- @BeforeMethod login -->
  <testcase name="@AfterMethod after" time="0.0" classname="tests.TestBank750">
    <skipped/>
  </testcase> <!-- @AfterMethod after -->
  <testcase name="@BeforeMethod before" time="0.0" classname="tests.TestBank750">
    <skipped/>
  </testcase> <!-- @BeforeMethod before -->
  <testcase name="@BeforeMethod login" time="0.0" classname="tests.TestBank750">
    <skipped/>
  </testcase> <!-- @BeforeMethod login -->
  <testcase name="@AfterMethod after" time="0.0" classname="tests.TestBank750">
    <skipped/>
  </testcase> <!-- @AfterMethod after -->
  <testcase name="@BeforeMethod before" time="0.0" classname="tests.TestBank750">
    <skipped/>
  </testcase> <!-- @BeforeMethod before -->
  <testcase name="@BeforeMethod login" time="0.0" classname="tests.TestBank750">
    <skipped/>
  </testcase> <!-- @BeforeMethod login -->
  <testcase name="@AfterMethod after" time="0.0" classname="tests.TestBank750">
    <skipped/>
  </testcase> <!-- @AfterMethod after -->
  <testcase name="@BeforeMethod before" time="0.0" classname="tests.TestBank750">
    <skipped/>
  </testcase> <!-- @BeforeMethod before -->
  <testcase name="@BeforeMethod login" time="0.0" classname="tests.TestBank750">
    <skipped/>
  </testcase> <!-- @BeforeMethod login -->
  <testcase name="@AfterMethod after" time="0.0" classname="tests.TestBank750">
    <skipped/>
  </testcase> <!-- @AfterMethod after -->
  <testcase name="@BeforeMethod before" time="0.0" classname="tests.TestBank750">
    <skipped/>
  </testcase> <!-- @BeforeMethod before -->
  <testcase name="@BeforeMethod login" time="0.0" classname="tests.TestBank750">
    <skipped/>
  </testcase> <!-- @BeforeMethod login -->
  <testcase name="@AfterMethod after" time="0.0" classname="tests.TestBank750">
    <skipped/>
  </testcase> <!-- @AfterMethod after -->
  <testcase name="@BeforeMethod before" time="0.0" classname="tests.TestBank750">
    <skipped/>
  </testcase> <!-- @BeforeMethod before -->
  <testcase name="@BeforeMethod login" time="0.0" classname="tests.TestBank750">
    <skipped/>
  </testcase> <!-- @BeforeMethod login -->
  <testcase name="@AfterMethod after" time="0.0" classname="tests.TestBank750">
    <skipped/>
  </testcase> <!-- @AfterMethod after -->
  <testcase name="@BeforeMethod before" time="0.0" classname="tests.TestBank750">
    <skipped/>
  </testcase> <!-- @BeforeMethod before -->
  <testcase name="@BeforeMethod login" time="0.0" classname="tests.TestBank750">
    <skipped/>
  </testcase> <!-- @BeforeMethod login -->
  <testcase name="@AfterMethod after" time="0.0" classname="tests.TestBank750">
    <skipped/>
  </testcase> <!-- @AfterMethod after -->
  <testcase name="@BeforeMethod before" time="0.0" classname="tests.TestBank750">
    <skipped/>
  </testcase> <!-- @BeforeMethod before -->
  <testcase name="@BeforeMethod login" time="0.0" classname="tests.TestBank750">
    <skipped/>
  </testcase> <!-- @BeforeMethod login -->
  <testcase name="@AfterMethod after" time="0.0" classname="tests.TestBank750">
    <skipped/>
  </testcase> <!-- @AfterMethod after -->
  <testcase name="@BeforeMethod before" time="0.0" classname="tests.TestBank750">
    <skipped/>
  </testcase> <!-- @BeforeMethod before -->
  <testcase name="@BeforeMethod login" time="0.0" classname="tests.TestBank750">
    <skipped/>
  </testcase> <!-- @BeforeMethod login -->
  <testcase name="@AfterMethod after" time="0.0" classname="tests.TestBank750">
    <skipped/>
  </testcase> <!-- @AfterMethod after -->
  <testcase name="@BeforeMethod before" time="0.0" classname="tests.TestBank750">
    <skipped/>
  </testcase> <!-- @BeforeMethod before -->
  <testcase name="@BeforeMethod login" time="0.0" classname="tests.TestBank750">
    <skipped/>
  </testcase> <!-- @BeforeMethod login -->
  <testcase name="@AfterMethod after" time="0.0" classname="tests.TestBank750">
    <skipped/>
  </testcase> <!-- @AfterMethod after -->
  <testcase name="@BeforeMethod before" time="0.0" classname="tests.TestBank750">
    <skipped/>
  </testcase> <!-- @BeforeMethod before -->
  <testcase name="@BeforeMethod login" time="0.0" classname="tests.TestBank750">
    <skipped/>
  </testcase> <!-- @BeforeMethod login -->
  <testcase name="@AfterMethod after" time="0.0" classname="tests.TestBank750">
    <skipped/>
  </testcase> <!-- @AfterMethod after -->
  <testcase name="@BeforeMethod before" time="0.0" classname="tests.TestBank750">
    <skipped/>
  </testcase> <!-- @BeforeMethod before -->
  <testcase name="@BeforeMethod login" time="0.0" classname="tests.TestBank750">
    <skipped/>
  </testcase> <!-- @BeforeMethod login -->
  <testcase name="@AfterMethod after" time="0.0" classname="tests.TestBank750">
    <skipped/>
  </testcase> <!-- @AfterMethod after -->
  <testcase name="@BeforeMethod before" time="0.0" classname="tests.TestBank750">
    <skipped/>
  </testcase> <!-- @BeforeMethod before -->
  <testcase name="@BeforeMethod login" time="0.0" classname="tests.TestBank750">
    <skipped/>
  </testcase> <!-- @BeforeMethod login -->
  <testcase name="@AfterMethod after" time="0.0" classname="tests.TestBank750">
    <skipped/>
  </testcase> <!-- @AfterMethod after -->
  <testcase name="@BeforeMethod before" time="0.0" classname="tests.TestBank750">
    <skipped/>
  </testcase> <!-- @BeforeMethod before -->
  <testcase name="@BeforeMethod login" time="0.0" classname="tests.TestBank750">
    <skipped/>
  </testcase> <!-- @BeforeMethod login -->
  <testcase name="@AfterMethod after" time="0.0" classname="tests.TestBank750">
    <skipped/>
  </testcase> <!-- @AfterMethod after -->
  <testcase name="@BeforeMethod before" time="0.0" classname="tests.TestBank750">
    <skipped/>
  </testcase> <!-- @BeforeMethod before -->
  <testcase name="@BeforeMethod login" time="0.0" classname="tests.TestBank750">
    <skipped/>
  </testcase> <!-- @BeforeMethod login -->
  <testcase name="@AfterMethod after" time="0.0" classname="tests.TestBank750">
    <skipped/>
  </testcase> <!-- @AfterMethod after -->
  <testcase name="@BeforeMethod before" time="0.0" classname="tests.TestBank750">
    <skipped/>
  </testcase> <!-- @BeforeMethod before -->
  <testcase name="@BeforeMethod login" time="0.0" classname="tests.TestBank750">
    <skipped/>
  </testcase> <!-- @BeforeMethod login -->
  <testcase name="@AfterMethod after" time="0.0" classname="tests.TestBank750">
    <skipped/>
  </testcase> <!-- @AfterMethod after -->
  <testcase name="@BeforeMethod before" time="0.0" classname="tests.TestBank750">
    <skipped/>
  </testcase> <!-- @BeforeMethod before -->
  <testcase name="@BeforeMethod login" time="0.0" classname="tests.TestBank750">
    <skipped/>
  </testcase> <!-- @BeforeMethod login -->
  <testcase name="@AfterMethod after" time="0.0" classname="tests.TestBank750">
    <skipped/>
  </testcase> <!-- @AfterMethod after -->
  <testcase name="@BeforeMethod before" time="0.0" classname="tests.TestBank750">
    <skipped/>
  </testcase> <!-- @BeforeMethod before -->
  <testcase name="@BeforeMethod login" time="0.0" classname="tests.TestBank750">
    <skipped/>
  </testcase> <!-- @BeforeMethod login -->
  <testcase name="@AfterMethod after" time="0.0" classname="tests.TestBank750">
    <skipped/>
  </testcase> <!-- @AfterMethod after -->
  <testcase name="@BeforeMethod before" time="0.0" classname="tests.TestBank750">
    <skipped/>
  </testcase> <!-- @BeforeMethod before -->
  <testcase name="@BeforeMethod login" time="0.0" classname="tests.TestBank750">
    <skipped/>
  </testcase> <!-- @BeforeMethod login -->
  <testcase name="@AfterMethod after" time="0.0" classname="tests.TestBank750">
    <skipped/>
  </testcase> <!-- @AfterMethod after -->
  <testcase name="@BeforeMethod before" time="0.0" classname="tests.TestBank750">
    <skipped/>
  </testcase> <!-- @BeforeMethod before -->
  <testcase name="@BeforeMethod login" time="0.0" classname="tests.TestBank750">
    <skipped/>
  </testcase> <!-- @BeforeMethod login -->
  <testcase name="@AfterMethod after" time="0.0" classname="tests.TestBank750">
    <skipped/>
  </testcase> <!-- @AfterMethod after -->
  <testcase name="@BeforeMethod before" time="0.0" classname="tests.TestBank750">
    <skipped/>
  </testcase> <!-- @BeforeMethod before -->
  <testcase name="@BeforeMethod login" time="0.0" classname="tests.TestBank750">
    <skipped/>
  </testcase> <!-- @BeforeMethod login -->
  <testcase name="@AfterMethod after" time="0.0" classname="tests.TestBank750">
    <skipped/>
  </testcase> <!-- @AfterMethod after -->
  <testcase name="@BeforeMethod before" time="0.0" classname="tests.TestBank750">
    <skipped/>
  </testcase> <!-- @BeforeMethod before -->
  <testcase name="@BeforeMethod login" time="0.0" classname="tests.TestBank750">
    <skipped/>
  </testcase> <!-- @BeforeMethod login -->
  <testcase name="@AfterMethod after" time="0.0" classname="tests.TestBank750">
    <skipped/>
  </testcase> <!-- @AfterMethod after -->
  <testcase name="@BeforeMethod before" time="0.0" classname="tests.TestBank750">
    <skipped/>
  </testcase> <!-- @BeforeMethod before -->
  <testcase name="@BeforeMethod login" time="0.0" classname="tests.TestBank750">
    <skipped/>
  </testcase> <!-- @BeforeMethod login -->
  <testcase name="@AfterMethod after" time="0.0" classname="tests.TestBank750">
    <skipped/>
  </testcase> <!-- @AfterMethod after -->
  <testcase name="@BeforeMethod before" time="0.0" classname="tests.TestBank750">
    <skipped/>
  </testcase> <!-- @BeforeMethod before -->
  <testcase name="@BeforeMethod login" time="0.0" classname="tests.TestBank750">
    <skipped/>
  </testcase> <!-- @BeforeMethod login -->
  <testcase name="@AfterMethod after" time="0.0" classname="tests.TestBank750">
    <skipped/>
  </testcase> <!-- @AfterMethod after -->
  <testcase name="@BeforeMethod before" time="0.0" classname="tests.TestBank750">
    <skipped/>
  </testcase> <!-- @BeforeMethod before -->
  <testcase name="@BeforeMethod login" time="0.0" classname="tests.TestBank750">
    <skipped/>
  </testcase> <!-- @BeforeMethod login -->
  <testcase name="@AfterMethod after" time="0.0" classname="tests.TestBank750">
    <skipped/>
  </testcase> <!-- @AfterMethod after -->
  <testcase name="@BeforeMethod before" time="0.0" classname="tests.TestBank750">
    <skipped/>
  </testcase> <!-- @BeforeMethod before -->
  <testcase name="@BeforeMethod login" time="0.0" classname="tests.TestBank750">
    <skipped/>
  </testcase> <!-- @BeforeMethod login -->
  <testcase name="@AfterMethod after" time="0.0" classname="tests.TestBank750">
    <skipped/>
  </testcase> <!-- @AfterMethod after -->
  <testcase name="@BeforeMethod before" time="0.0" classname="tests.TestBank750">
    <skipped/>
  </testcase> <!-- @BeforeMethod before -->
  <testcase name="@BeforeMethod login" time="0.0" classname="tests.TestBank750">
    <skipped/>
  </testcase> <!-- @BeforeMethod login -->
  <testcase name="@AfterMethod after" time="0.0" classname="tests.TestBank750">
    <skipped/>
  </testcase> <!-- @AfterMethod after -->
  <testcase name="@BeforeMethod before" time="0.0" classname="tests.TestBank750">
    <skipped/>
  </testcase> <!-- @BeforeMethod before -->
  <testcase name="@BeforeMethod login" time="0.0" classname="tests.TestBank750">
    <skipped/>
  </testcase> <!-- @BeforeMethod login -->
  <testcase name="@AfterMethod after" time="0.0" classname="tests.TestBank750">
    <skipped/>
  </testcase> <!-- @AfterMethod after -->
  <testcase name="@BeforeMethod before" time="0.0" classname="tests.TestBank750">
    <skipped/>
  </testcase> <!-- @BeforeMethod before -->
  <testcase name="@BeforeMethod login" time="0.0" classname="tests.TestBank750">
    <skipped/>
  </testcase> <!-- @BeforeMethod login -->
  <testcase name="@AfterMethod after" time="0.0" classname="tests.TestBank750">
    <skipped/>
  </testcase> <!-- @AfterMethod after -->
  <testcase name="@BeforeMethod before" time="0.0" classname="tests.TestBank750">
    <skipped/>
  </testcase> <!-- @BeforeMethod before -->
  <testcase name="@BeforeMethod login" time="0.0" classname="tests.TestBank750">
    <skipped/>
  </testcase> <!-- @BeforeMethod login -->
  <testcase name="@AfterMethod after" time="0.0" classname="tests.TestBank750">
    <skipped/>
  </testcase> <!-- @AfterMethod after -->
  <testcase name="@BeforeMethod before" time="0.0" classname="tests.TestBank750">
    <skipped/>
  </testcase> <!-- @BeforeMethod before -->
  <testcase name="@BeforeMethod login" time="0.0" classname="tests.TestBank750">
    <skipped/>
  </testcase> <!-- @BeforeMethod login -->
  <testcase name="@AfterMethod after" time="0.0" classname="tests.TestBank750">
    <skipped/>
  </testcase> <!-- @AfterMethod after -->
  <testcase name="@BeforeMethod before" time="0.0" classname="tests.TestBank750">
    <skipped/>
  </testcase> <!-- @BeforeMethod before -->
  <testcase name="@BeforeMethod login" time="0.0" classname="tests.TestBank750">
    <skipped/>
  </testcase> <!-- @BeforeMethod login -->
  <testcase name="@AfterMethod after" time="0.0" classname="tests.TestBank750">
    <skipped/>
  </testcase> <!-- @AfterMethod after -->
  <testcase name="@BeforeMethod before" time="0.0" classname="tests.TestBank750">
    <skipped/>
  </testcase> <!-- @BeforeMethod before -->
  <testcase name="@BeforeMethod login" time="0.0" classname="tests.TestBank750">
    <skipped/>
  </testcase> <!-- @BeforeMethod login -->
  <testcase name="@AfterMethod after" time="0.0" classname="tests.TestBank750">
    <skipped/>
  </testcase> <!-- @AfterMethod after -->
  <testcase name="@BeforeMethod before" time="0.0" classname="tests.TestBank750">
    <skipped/>
  </testcase> <!-- @BeforeMethod before -->
  <testcase name="@BeforeMethod login" time="0.0" classname="tests.TestBank750">
    <skipped/>
  </testcase> <!-- @BeforeMethod login -->
  <testcase name="@AfterMethod after" time="0.0" classname="tests.TestBank750">
    <skipped/>
  </testcase> <!-- @AfterMethod after -->
  <testcase name="@BeforeMethod before" time="0.0" classname="tests.TestBank750">
    <skipped/>
  </testcase> <!-- @BeforeMethod before -->
  <testcase name="@BeforeMethod login" time="0.0" classname="tests.TestBank750">
    <skipped/>
  </testcase> <!-- @BeforeMethod login -->
  <testcase name="@AfterMethod after" time="0.0" classname="tests.TestBank750">
    <skipped/>
  </testcase> <!-- @AfterMethod after -->
  <testcase name="@BeforeMethod before" time="0.0" classname="tests.TestBank750">
    <skipped/>
  </testcase> <!-- @BeforeMethod before -->
  <testcase name="@BeforeMethod login" time="0.0" classname="tests.TestBank750">
    <skipped/>
  </testcase> <!-- @BeforeMethod login -->
  <testcase name="@AfterMethod after" time="0.0" classname="tests.TestBank750">
    <skipped/>
  </testcase> <!-- @AfterMethod after -->
  <testcase name="@BeforeMethod before" time="0.0" classname="tests.TestBank750">
    <skipped/>
  </testcase> <!-- @BeforeMethod before -->
  <testcase name="@BeforeMethod login" time="0.0" classname="tests.TestBank750">
    <skipped/>
  </testcase> <!-- @BeforeMethod login -->
  <testcase name="@AfterMethod after" time="0.0" classname="tests.TestBank750">
    <skipped/>
  </testcase> <!-- @AfterMethod after -->
  <testcase name="@BeforeMethod before" time="0.0" classname="tests.TestBank750">
    <skipped/>
  </testcase> <!-- @BeforeMethod before -->
  <testcase name="@BeforeMethod login" time="0.0" classname="tests.TestBank750">
    <skipped/>
  </testcase> <!-- @BeforeMethod login -->
  <testcase name="@AfterMethod after" time="0.0" classname="tests.TestBank750">
    <skipped/>
  </testcase> <!-- @AfterMethod after -->
  <testcase name="@BeforeMethod before" time="0.0" classname="tests.TestBank750">
    <skipped/>
  </testcase> <!-- @BeforeMethod before -->
  <testcase name="@BeforeMethod login" time="0.0" classname="tests.TestBank750">
    <skipped/>
  </testcase> <!-- @BeforeMethod login -->
  <testcase name="@AfterMethod after" time="0.0" classname="tests.TestBank750">
    <skipped/>
  </testcase> <!-- @AfterMethod after -->
  <testcase name="@BeforeMethod before" time="0.0" classname="tests.TestBank750">
    <skipped/>
  </testcase> <!-- @BeforeMethod before -->
  <testcase name="@BeforeMethod login" time="0.0" classname="tests.TestBank750">
    <skipped/>
  </testcase> <!-- @BeforeMethod login -->
  <testcase name="@AfterMethod after" time="0.0" classname="tests.TestBank750">
    <skipped/>
  </testcase> <!-- @AfterMethod after -->
  <testcase name="@BeforeMethod before" time="0.0" classname="tests.TestBank750">
    <skipped/>
  </testcase> <!-- @BeforeMethod before -->
  <testcase name="@BeforeMethod login" time="0.0" classname="tests.TestBank750">
    <skipped/>
  </testcase> <!-- @BeforeMethod login -->
  <testcase name="@AfterMethod after" time="0.0" classname="tests.TestBank750">
    <skipped/>
  </testcase> <!-- @AfterMethod after -->
  <testcase name="@BeforeMethod before" time="0.0" classname="tests.TestBank750">
    <skipped/>
  </testcase> <!-- @BeforeMethod before -->
  <testcase name="@BeforeMethod login" time="0.0" classname="tests.TestBank750">
    <skipped/>
  </testcase> <!-- @BeforeMethod login -->
  <testcase name="@AfterMethod after" time="0.0" classname="tests.TestBank750">
    <skipped/>
  </testcase> <!-- @AfterMethod after -->
  <testcase name="@BeforeMethod before" time="0.0" classname="tests.TestBank750">
    <skipped/>
  </testcase> <!-- @BeforeMethod before -->
  <testcase name="@BeforeMethod login" time="0.0" classname="tests.TestBank750">
    <skipped/>
  </testcase> <!-- @BeforeMethod login -->
  <testcase name="@AfterMethod after" time="0.0" classname="tests.TestBank750">
    <skipped/>
  </testcase> <!-- @AfterMethod after -->
  <testcase name="@BeforeMethod before" time="0.0" classname="tests.TestBank750">
    <skipped/>
  </testcase> <!-- @BeforeMethod before -->
  <testcase name="@BeforeMethod login" time="0.0" classname="tests.TestBank750">
    <skipped/>
  </testcase> <!-- @BeforeMethod login -->
  <testcase name="@AfterMethod after" time="0.0" classname="tests.TestBank750">
    <skipped/>
  </testcase> <!-- @AfterMethod after -->
  <testcase name="@BeforeMethod before" time="0.0" classname="tests.TestBank750">
    <skipped/>
  </testcase> <!-- @BeforeMethod before -->
  <testcase name="@BeforeMethod login" time="0.0" classname="tests.TestBank750">
    <skipped/>
  </testcase> <!-- @BeforeMethod login -->
  <testcase name="@AfterMethod after" time="0.0" classname="tests.TestBank750">
    <skipped/>
  </testcase> <!-- @AfterMethod after -->
  <testcase name="@BeforeMethod before" time="0.0" classname="tests.TestBank750">
    <skipped/>
  </testcase> <!-- @BeforeMethod before -->
  <testcase name="@BeforeMethod login" time="0.0" classname="tests.TestBank750">
    <skipped/>
  </testcase> <!-- @BeforeMethod login -->
  <testcase name="@AfterMethod after" time="0.0" classname="tests.TestBank750">
    <skipped/>
  </testcase> <!-- @AfterMethod after -->
  <testcase name="@BeforeMethod before" time="0.0" classname="tests.TestBank750">
    <skipped/>
  </testcase> <!-- @BeforeMethod before -->
  <testcase name="@BeforeMethod login" time="0.0" classname="tests.TestBank750">
    <skipped/>
  </testcase> <!-- @BeforeMethod login -->
  <testcase name="@AfterMethod after" time="0.0" classname="tests.TestBank750">
    <skipped/>
  </testcase> <!-- @AfterMethod after -->
  <testcase name="@BeforeMethod before" time="0.0" classname="tests.TestBank750">
    <skipped/>
  </testcase> <!-- @BeforeMethod before -->
  <testcase name="@BeforeMethod login" time="0.0" classname="tests.TestBank750">
    <skipped/>
  </testcase> <!-- @BeforeMethod login -->
  <testcase name="@AfterMethod after" time="0.0" classname="tests.TestBank750">
    <skipped/>
  </testcase> <!-- @AfterMethod after -->
  <testcase name="@BeforeMethod before" time="0.0" classname="tests.TestBank750">
    <skipped/>
  </testcase> <!-- @BeforeMethod before -->
  <testcase name="@BeforeMethod login" time="0.0" classname="tests.TestBank750">
    <skipped/>
  </testcase> <!-- @BeforeMethod login -->
  <testcase name="@AfterMethod after" time="0.0" classname="tests.TestBank750">
    <skipped/>
  </testcase> <!-- @AfterMethod after -->
  <testcase name="@BeforeMethod before" time="0.0" classname="tests.TestBank750">
    <skipped/>
  </testcase> <!-- @BeforeMethod before -->
  <testcase name="@BeforeMethod login" time="0.0" classname="tests.TestBank750">
    <skipped/>
  </testcase> <!-- @BeforeMethod login -->
  <testcase name="@AfterMethod after" time="0.0" classname="tests.TestBank750">
    <skipped/>
  </testcase> <!-- @AfterMethod after -->
  <testcase name="@BeforeMethod before" time="0.0" classname="tests.TestBank750">
    <skipped/>
  </testcase> <!-- @BeforeMethod before -->
  <testcase name="@BeforeMethod login" time="0.0" classname="tests.TestBank750">
    <skipped/>
  </testcase> <!-- @BeforeMethod login -->
  <testcase name="@AfterMethod after" time="0.0" classname="tests.TestBank750">
    <skipped/>
  </testcase> <!-- @AfterMethod after -->
  <testcase name="@BeforeMethod before" time="0.0" classname="tests.TestBank750">
    <skipped/>
  </testcase> <!-- @BeforeMethod before -->
  <testcase name="@BeforeMethod login" time="0.0" classname="tests.TestBank750">
    <skipped/>
  </testcase> <!-- @BeforeMethod login -->
  <testcase name="@AfterMethod after" time="0.0" classname="tests.TestBank750">
    <skipped/>
  </testcase> <!-- @AfterMethod after -->
  <testcase name="@BeforeMethod before" time="0.0" classname="tests.TestBank750">
    <skipped/>
  </testcase> <!-- @BeforeMethod before -->
  <testcase name="@BeforeMethod login" time="0.0" classname="tests.TestBank750">
    <skipped/>
  </testcase> <!-- @BeforeMethod login -->
  <testcase name="@AfterMethod after" time="0.0" classname="tests.TestBank750">
    <skipped/>
  </testcase> <!-- @AfterMethod after -->
  <testcase name="@BeforeMethod before" time="0.0" classname="tests.TestBank750">
    <skipped/>
  </testcase> <!-- @BeforeMethod before -->
  <testcase name="@BeforeMethod login" time="0.0" classname="tests.TestBank750">
    <skipped/>
  </testcase> <!-- @BeforeMethod login -->
  <testcase name="@AfterMethod after" time="0.0" classname="tests.TestBank750">
    <skipped/>
  </testcase> <!-- @AfterMethod after -->
  <testcase name="@BeforeMethod before" time="0.0" classname="tests.TestBank750">
    <skipped/>
  </testcase> <!-- @BeforeMethod before -->
  <testcase name="@BeforeMethod login" time="0.0" classname="tests.TestBank750">
    <skipped/>
  </testcase> <!-- @BeforeMethod login -->
  <testcase name="@AfterMethod after" time="0.0" classname="tests.TestBank750">
    <skipped/>
  </testcase> <!-- @AfterMethod after -->
  <testcase name="@BeforeMethod before" time="0.0" classname="tests.TestBank750">
    <skipped/>
  </testcase> <!-- @BeforeMethod before -->
  <testcase name="@BeforeMethod login" time="0.0" classname="tests.TestBank750">
    <skipped/>
  </testcase> <!-- @BeforeMethod login -->
  <testcase name="@AfterMethod after" time="0.0" classname="tests.TestBank750">
    <skipped/>
  </testcase> <!-- @AfterMethod after -->
  <testcase name="@BeforeMethod before" time="0.0" classname="tests.TestBank750">
    <skipped/>
  </testcase> <!-- @BeforeMethod before -->
  <testcase name="@BeforeMethod login" time="0.0" classname="tests.TestBank750">
    <skipped/>
  </testcase> <!-- @BeforeMethod login -->
  <testcase name="@AfterMethod after" time="0.0" classname="tests.TestBank750">
    <skipped/>
  </testcase> <!-- @AfterMethod after -->
  <testcase name="@BeforeMethod before" time="0.0" classname="tests.TestBank750">
    <skipped/>
  </testcase> <!-- @BeforeMethod before -->
  <testcase name="@BeforeMethod login" time="0.0" classname="tests.TestBank750">
    <skipped/>
  </testcase> <!-- @BeforeMethod login -->
  <testcase name="@AfterMethod after" time="0.0" classname="tests.TestBank750">
    <skipped/>
  </testcase> <!-- @AfterMethod after -->
  <testcase name="@BeforeMethod before" time="0.0" classname="tests.TestBank750">
    <skipped/>
  </testcase> <!-- @BeforeMethod before -->
  <testcase name="@BeforeMethod login" time="0.0" classname="tests.TestBank750">
    <skipped/>
  </testcase> <!-- @BeforeMethod login -->
  <testcase name="@AfterMethod after" time="0.0" classname="tests.TestBank750">
    <skipped/>
  </testcase> <!-- @AfterMethod after -->
  <testcase name="@BeforeMethod before" time="0.0" classname="tests.TestBank750">
    <skipped/>
  </testcase> <!-- @BeforeMethod before -->
  <testcase name="@BeforeMethod login" time="0.0" classname="tests.TestBank750">
    <skipped/>
  </testcase> <!-- @BeforeMethod login -->
  <testcase name="@AfterMethod after" time="0.0" classname="tests.TestBank750">
    <skipped/>
  </testcase> <!-- @AfterMethod after -->
  <testcase name="@BeforeMethod before" time="0.0" classname="tests.TestBank750">
    <skipped/>
  </testcase> <!-- @BeforeMethod before -->
  <testcase name="@BeforeMethod login" time="0.0" classname="tests.TestBank750">
    <skipped/>
  </testcase> <!-- @BeforeMethod login -->
  <testcase name="@AfterMethod after" time="0.0" classname="tests.TestBank750">
    <skipped/>
  </testcase> <!-- @AfterMethod after -->
  <testcase name="@BeforeMethod before" time="0.0" classname="tests.TestBank750">
    <skipped/>
  </testcase> <!-- @BeforeMethod before -->
  <testcase name="@BeforeMethod login" time="0.0" classname="tests.TestBank750">
    <skipped/>
  </testcase> <!-- @BeforeMethod login -->
  <testcase name="@AfterMethod after" time="0.0" classname="tests.TestBank750">
    <skipped/>
  </testcase> <!-- @AfterMethod after -->
  <testcase name="@BeforeMethod before" time="0.0" classname="tests.TestBank750">
    <skipped/>
  </testcase> <!-- @BeforeMethod before -->
  <testcase name="@BeforeMethod login" time="0.0" classname="tests.TestBank750">
    <skipped/>
  </testcase> <!-- @BeforeMethod login -->
  <testcase name="@AfterMethod after" time="0.0" classname="tests.TestBank750">
    <skipped/>
  </testcase> <!-- @AfterMethod after -->
  <testcase name="@BeforeMethod before" time="0.0" classname="tests.TestBank750">
    <skipped/>
  </testcase> <!-- @BeforeMethod before -->
  <testcase name="@BeforeMethod login" time="0.0" classname="tests.TestBank750">
    <skipped/>
  </testcase> <!-- @BeforeMethod login -->
  <testcase name="@AfterMethod after" time="0.0" classname="tests.TestBank750">
    <skipped/>
  </testcase> <!-- @AfterMethod after -->
  <testcase name="@BeforeMethod before" time="0.0" classname="tests.TestBank750">
    <skipped/>
  </testcase> <!-- @BeforeMethod before -->
  <testcase name="@BeforeMethod login" time="0.0" classname="tests.TestBank750">
    <skipped/>
  </testcase> <!-- @BeforeMethod login -->
  <testcase name="@AfterMethod after" time="0.0" classname="tests.TestBank750">
    <skipped/>
  </testcase> <!-- @AfterMethod after -->
  <testcase name="@BeforeMethod before" time="0.0" classname="tests.TestBank750">
    <skipped/>
  </testcase> <!-- @BeforeMethod before -->
  <testcase name="@BeforeMethod login" time="0.0" classname="tests.TestBank750">
    <skipped/>
  </testcase> <!-- @BeforeMethod login -->
  <testcase name="@AfterMethod after" time="0.0" classname="tests.TestBank750">
    <skipped/>
  </testcase> <!-- @AfterMethod after -->
  <testcase name="@BeforeMethod before" time="0.0" classname="tests.TestBank750">
    <skipped/>
  </testcase> <!-- @BeforeMethod before -->
  <testcase name="@BeforeMethod login" time="0.0" classname="tests.TestBank750">
    <skipped/>
  </testcase> <!-- @BeforeMethod login -->
  <testcase name="@AfterMethod after" time="0.0" classname="tests.TestBank750">
    <skipped/>
  </testcase> <!-- @AfterMethod after -->
[...]
    <skipped/>
  </testcase> <!-- accountTypeSavingsOver205 -->
  <testcase name="accountTypeSavingsOver206" time="0.001" classname="tests.TestBank750">
    <skipped/>
  </testcase> <!-- accountTypeSavingsOver206 -->
  <testcase name="accountTypeSavingsOver207" time="0.002" classname="tests.TestBank750">
    <skipped/>
  </testcase> <!-- accountTypeSavingsOver207 -->
  <testcase name="accountTypeSavingsOver208" time="0.001" classname="tests.TestBank750">
    <skipped/>
  </testcase> <!-- accountTypeSavingsOver208 -->
  <testcase name="accountTypeSavingsOver209" time="0.002" classname="tests.TestBank750">
    <skipped/>
  </testcase> <!-- accountTypeSavingsOver209 -->
  <testcase name="accountTypeSavingsOver21" time="0.002" classname="tests.TestBank750">
    <skipped/>
  </testcase> <!-- accountTypeSavingsOver21 -->
  <testcase name="accountTypeSavingsOver210" time="0.002" classname="tests.TestBank750">
    <skipped/>
  </testcase> <!-- accountTypeSavingsOver210 -->
  <testcase name="accountTypeSavingsOver211" time="0.002" classname="tests.TestBank750">
    <skipped/>
  </testcase> <!-- accountTypeSavingsOver211 -->
  <testcase name="accountTypeSavingsOver212" time="0.001" classname="tests.TestBank750">
    <skipped/>
  </testcase> <!-- accountTypeSavingsOver212 -->
  <testcase name="accountTypeSavingsOver213" time="0.002" classname="tests.TestBank750">
    <skipped/>
  </testcase> <!-- accountTypeSavingsOver213 -->
  <testcase name="accountTypeSavingsOver214" time="0.002" classname="tests.TestBank750">
    <skipped/>
  </testcase> <!-- accountTypeSavingsOver214 -->
  <testcase name="accountTypeSavingsOver215" time="0.001" classname="tests.TestBank750">
    <skipped/>
  </testcase> <!-- accountTypeSavingsOver215 -->
  <testcase name="accountTypeSavingsOver216" time="0.001" classname="tests.TestBank750">
    <skipped/>
  </testcase> <!-- accountTypeSavingsOver216 -->
  <testcase name="accountTypeSavingsOver217" time="0.001" classname="tests.TestBank750">
    <skipped/>
  </testcase> <!-- accountTypeSavingsOver217 -->
  <testcase name="accountTypeSavingsOver218" time="0.002" classname="tests.TestBank750">
    <skipped/>
  </testcase> <!-- accountTypeSavingsOver218 -->
  <testcase name="accountTypeSavingsOver219" time="0.002" classname="tests.TestBank750">
    <skipped/>
  </testcase> <!-- accountTypeSavingsOver219 -->
  <testcase name="accountTypeSavingsOver22" time="0.002" classname="tests.TestBank750">
    <skipped/>
  </testcase> <!-- accountTypeSavingsOver22 -->
  <testcase name="accountTypeSavingsOver220" time="0.001" classname="tests.TestBank750">
    <skipped/>
  </testcase> <!-- accountTypeSavingsOver220 -->
  <testcase name="accountTypeSavingsOver221" time="0.002" classname="tests.TestBank750">
    <skipped/>
  </testcase> <!-- accountTypeSavingsOver221 -->
  <testcase name="accountTypeSavingsOver222" time="0.002" classname="tests.TestBank750">
    <skipped/>
  </testcase> <!-- accountTypeSavingsOver222 -->
  <testcase name="accountTypeSavingsOver223" time="0.001" classname="tests.TestBank750">
    <skipped/>
  </testcase> <!-- accountTypeSavingsOver223 -->
  <testcase name="accountTypeSavingsOver224" time="0.001" classname="tests.TestBank750">
    <skipped/>
  </testcase> <!-- accountTypeSavingsOver224 -->
  <testcase name="accountTypeSavingsOver225" time="0.002" classname="tests.TestBank750">
    <skipped/>
  </testcase> <!-- accountTypeSavingsOver225 -->
  <testcase name="accountTypeSavingsOver226" time="0.001" classname="tests.TestBank750">
    <skipped/>
  </testcase> <!-- accountTypeSavingsOver226 -->
  <testcase name="accountTypeSavingsOver227" time="0.001" classname="tests.TestBank750">
    <skipped/>
  </testcase> <!-- accountTypeSavingsOver227 -->
  <testcase name="accountTypeSavingsOver228" time="0.002" classname="tests.TestBank750">
    <skipped/>
  </testcase> <!-- accountTypeSavingsOver228 -->
  <testcase name="accountTypeSavingsOver229" time="0.001" classname="tests.TestBank750">
    <skipped/>
  </testcase> <!-- accountTypeSavingsOver229 -->
  <testcase name="accountTypeSavingsOver23" time="0.001" classname="tests.TestBank750">
    <skipped/>
  </testcase> <!-- accountTypeSavingsOver23 -->
  <testcase name="accountTypeSavingsOver230" time="0.001" classname="tests.TestBank750">
    <skipped/>
  </testcase> <!-- accountTypeSavingsOver230 -->
  <testcase name="accountTypeSavingsOver231" time="0.002" classname="tests.TestBank750">
    <skipped/>
  </testcase> <!-- accountTypeSavingsOver231 -->
  <testcase name="accountTypeSavingsOver232" time="0.003" classname="tests.TestBank750">
    <skipped/>
  </testcase> <!-- accountTypeSavingsOver232 -->
  <testcase name="accountTypeSavingsOver233" time="0.003" classname="tests.TestBank750">
    <skipped/>
  </testcase> <!-- accountTypeSavingsOver233 -->
  <testcase name="accountTypeSavingsOver234" time="0.003" classname="tests.TestBank750">
    <skipped/>
  </testcase> <!-- accountTypeSavingsOver234 -->
  <testcase name="accountTypeSavingsOver235" time="0.003" classname="tests.TestBank750">
    <skipped/>
  </testcase> <!-- accountTypeSavingsOver235 -->
  <testcase name="accountTypeSavingsOver236" time="0.003" classname="tests.TestBank750">
    <skipped/>
  </testcase> <!-- accountTypeSavingsOver236 -->
  <testcase name="accountTypeSavingsOver237" time="0.003" classname="tests.TestBank750">
    <skipped/>
  </testcase> <!-- accountTypeSavingsOver237 -->
  <testcase name="accountTypeSavingsOver238" time="0.002" classname="tests.TestBank750">
    <skipped/>
  </testcase> <!-- accountTypeSavingsOver238 -->
  <testcase name="accountTypeSavingsOver239" time="0.001" classname="tests.TestBank750">
    <skipped/>
  </testcase> <!-- accountTypeSavingsOver239 -->
  <testcase name="accountTypeSavingsOver24" time="0.001" classname="tests.TestBank750">
    <skipped/>
  </testcase> <!-- accountTypeSavingsOver24 -->
  <testcase name="accountTypeSavingsOver240" time="0.002" classname="tests.TestBank750">
    <skipped/>
  </testcase> <!-- accountTypeSavingsOver240 -->
  <testcase name="accountTypeSavingsOver241" time="0.002" classname="tests.TestBank750">
    <skipped/>
  </testcase> <!-- accountTypeSavingsOver241 -->
  <testcase name="accountTypeSavingsOver242" time="0.002" classname="tests.TestBank750">
    <skipped/>
  </testcase> <!-- accountTypeSavingsOver242 -->
  <testcase name="accountTypeSavingsOver243" time="0.001" classname="tests.TestBank750">
    <skipped/>
  </testcase> <!-- accountTypeSavingsOver243 -->
  <testcase name="accountTypeSavingsOver244" time="0.001" classname="tests.TestBank750">
    <skipped/>
  </testcase> <!-- accountTypeSavingsOver244 -->
  <testcase name="accountTypeSavingsOver245" time="0.004" classname="tests.TestBank750">
    <skipped/>
  </testcase> <!-- accountTypeSavingsOver245 -->
  <testcase name="accountTypeSavingsOver246" time="0.003" classname="tests.TestBank750">
    <skipped/>
  </testcase> <!-- accountTypeSavingsOver246 -->
  <testcase name="accountTypeSavingsOver247" time="0.002" classname="tests.TestBank750">
    <skipped/>
  </testcase> <!-- accountTypeSavingsOver247 -->
  <testcase name="accountTypeSavingsOver248" time="0.003" classname="tests.TestBank750">
    <skipped/>
  </testcase> <!-- accountTypeSavingsOver248 -->
  <testcase name="accountTypeSavingsOver249" time="0.003" classname="tests.TestBank750">
    <skipped/>
  </testcase> <!-- accountTypeSavingsOver249 -->
  <testcase name="accountTypeSavingsOver25" time="0.003" classname="tests.TestBank750">
    <skipped/>
  </testcase> <!-- accountTypeSavingsOver25 -->
  <testcase name="accountTypeSavingsOver250" time="0.003" classname="tests.TestBank750">
    <skipped/>
  </testcase> <!-- accountTypeSavingsOver250 -->
  <testcase name="accountTypeSavingsOver26" time="0.002" classname="tests.TestBank750">
    <skipped/>
  </testcase> <!-- accountTypeSavingsOver26 -->
  <testcase name="accountTypeSavingsOver27" time="0.002" classname="tests.TestBank750">
    <skipped/>
  </testcase> <!-- accountTypeSavingsOver27 -->
  <testcase name="accountTypeSavingsOver28" time="0.003" classname="tests.TestBank750">
    <skipped/>
  </testcase> <!-- accountTypeSavingsOver28 -->
  <testcase name="accountTypeSavingsOver29" time="0.003" classname="tests.TestBank750">
    <skipped/>
  </testcase> <!-- accountTypeSavingsOver29 -->
  <testcase name="accountTypeSavingsOver3" time="0.003" classname="tests.TestBank750">
    <skipped/>
  </testcase> <!-- accountTypeSavingsOver3 -->
  <testcase name="accountTypeSavingsOver30" time="0.002" classname="tests.TestBank750">
    <skipped/>
  </testcase> <!-- accountTypeSavingsOver30 -->
  <testcase name="accountTypeSavingsOver31" time="0.002" classname="tests.TestBank750">
    <skipped/>
  </testcase> <!-- accountTypeSavingsOver31 -->
  <testcase name="accountTypeSavingsOver32" time="0.001" classname="tests.TestBank750">
    <skipped/>
  </testcase> <!-- accountTypeSavingsOver32 -->
  <testcase name="accountTypeSavingsOver33" time="0.001" classname="tests.TestBank750">
    <skipped/>
  </testcase> <!-- accountTypeSavingsOver33 -->
  <testcase name="accountTypeSavingsOver34" time="0.002" classname="tests.TestBank750">
    <skipped/>
  </testcase> <!-- accountTypeSavingsOver34 -->
  <testcase name="accountTypeSavingsOver35" time="0.002" classname="tests.TestBank750">
    <skipped/>
  </testcase> <!-- accountTypeSavingsOver35 -->
  <testcase name="accountTypeSavingsOver36" time="0.003" classname="tests.TestBank750">
    <skipped/>
  </testcase> <!-- accountTypeSavingsOver36 -->
  <testcase name="accountTypeSavingsOver37" time="0.003" classname="tests.TestBank750">
    <skipped/>
  </testcase> <!-- accountTypeSavingsOver37 -->
  <testcase name="accountTypeSavingsOver38" time="0.003" classname="tests.TestBank750">
    <skipped/>
  </testcase> <!-- accountTypeSavingsOver38 -->
  <testcase name="accountTypeSavingsOver39" time="0.002" classname="tests.TestBank750">
    <skipped/>
  </testcase> <!-- accountTypeSavingsOver39 -->
  <testcase name="accountTypeSavingsOver4" time="0.003" classname="tests.TestBank750">
    <skipped/>
  </testcase> <!-- accountTypeSavingsOver4 -->
  <testcase name="accountTypeSavingsOver40" time="0.003" classname="tests.TestBank750">
    <skipped/>
  </testcase> <!-- accountTypeSavingsOver40 -->
  <testcase name="accountTypeSavingsOver41" time="0.003" classname="tests.TestBank750">
    <skipped/>
  </testcase> <!-- accountTypeSavingsOver41 -->
  <testcase name="accountTypeSavingsOver42" time="0.003" classname="tests.TestBank750">
    <skipped/>
  </testcase> <!-- accountTypeSavingsOver42 -->
  <testcase name="accountTypeSavingsOver43" time="0.003" classname="tests.TestBank750">
    <skipped/>
  </testcase> <!-- accountTypeSavingsOver43 -->
  <testcase name="accountTypeSavingsOver44" time="0.003" classname="tests.TestBank750">
    <skipped/>
  </testcase> <!-- accountTypeSavingsOver44 -->
  <testcase name="accountTypeSavingsOver45" time="0.003" classname="tests.TestBank750">
    <skipped/>
  </testcase> <!-- accountTypeSavingsOver45 -->
  <testcase name="accountTypeSavingsOver46" time="0.003" classname="tests.TestBank750">
    <skipped/>
  </testcase> <!-- accountTypeSavingsOver46 -->
  <testcase name="accountTypeSavingsOver47" time="0.003" classname="tests.TestBank750">
    <skipped/>
  </testcase> <!-- accountTypeSavingsOver47 -->
  <testcase name="accountTypeSavingsOver48" time="0.003" classname="tests.TestBank750">
    <skipped/>
  </testcase> <!-- accountTypeSavingsOver48 -->
  <testcase name="accountTypeSavingsOver49" time="0.004" classname="tests.TestBank750">
    <skipped/>
  </testcase> <!-- accountTypeSavingsOver49 -->
  <testcase name="accountTypeSavingsOver5" time="0.003" classname="tests.TestBank750">
    <skipped/>
  </testcase> <!-- accountTypeSavingsOver5 -->
  <testcase name="accountTypeSavingsOver50" time="0.003" classname="tests.TestBank750">
    <skipped/>
  </testcase> <!-- accountTypeSavingsOver50 -->
  <testcase name="accountTypeSavingsOver51" time="0.003" classname="tests.TestBank750">
    <skipped/>
  </testcase> <!-- accountTypeSavingsOver51 -->
  <testcase name="accountTypeSavingsOver52" time="0.004" classname="tests.TestBank750">
    <skipped/>
  </testcase> <!-- accountTypeSavingsOver52 -->
  <testcase name="accountTypeSavingsOver53" time="0.003" classname="tests.TestBank750">
    <skipped/>
  </testcase> <!-- accountTypeSavingsOver53 -->
  <testcase name="accountTypeSavingsOver54" time="0.004" classname="tests.TestBank750">
    <skipped/>
  </testcase> <!-- accountTypeSavingsOver54 -->
  <testcase name="accountTypeSavingsOver55" time="0.004" classname="tests.TestBank750">
    <skipped/>
  </testcase> <!-- accountTypeSavingsOver55 -->
  <testcase name="accountTypeSavingsOver56" time="0.003" classname="tests.TestBank750">
    <skipped/>
  </testcase> <!-- accountTypeSavingsOver56 -->
  <testcase name="accountTypeSavingsOver57" time="0.004" classname="tests.TestBank750">
    <skipped/>
  </testcase> <!-- accountTypeSavingsOver57 -->
  <testcase name="accountTypeSavingsOver58" time="0.004" classname="tests.TestBank750">
    <skipped/>
  </testcase> <!-- accountTypeSavingsOver58 -->
  <testcase name="accountTypeSavingsOver59" time="0.001" classname="tests.TestBank750">
    <skipped/>
  </testcase> <!-- accountTypeSavingsOver59 -->
  <testcase name="accountTypeSavingsOver6" time="0.004" classname="tests.TestBank750">
    <skipped/>
  </testcase> <!-- accountTypeSavingsOver6 -->
  <testcase name="accountTypeSavingsOver60" time="0.002" classname="tests.TestBank750">
    <skipped/>
  </testcase> <!-- accountTypeSavingsOver60 -->
  <testcase name="accountTypeSavingsOver61" time="0.003" classname="tests.TestBank750">
    <skipped/>
  </testcase> <!-- accountTypeSavingsOver61 -->
  <testcase name="accountTypeSavingsOver62" time="0.002" classname="tests.TestBank750">
    <skipped/>
  </testcase> <!-- accountTypeSavingsOver62 -->
  <testcase name="accountTypeSavingsOver63" time="0.002" classname="tests.TestBank750">
    <skipped/>
  </testcase> <!-- accountTypeSavingsOver63 -->
  <testcase name="accountTypeSavingsOver64" time="0.001" classname="tests.TestBank750">
    <skipped/>
  </testcase> <!-- accountTypeSavingsOver64 -->
  <testcase name="accountTypeSavingsOver65" time="0.002" classname="tests.TestBank750">
    <skipped/>
  </testcase> <!-- accountTypeSavingsOver65 -->
  <testcase name="accountTypeSavingsOver66" time="0.002" classname="tests.TestBank750">
    <skipped/>
  </testcase> <!-- accountTypeSavingsOver66 -->
  <testcase name="accountTypeSavingsOver67" time="0.002" classname="tests.TestBank750">
    <skipped/>
  </testcase> <!-- accountTypeSavingsOver67 -->
  <testcase name="accountTypeSavingsOver68" time="0.004" classname="tests.TestBank750">
    <skipped/>
  </testcase> <!-- accountTypeSavingsOver68 -->
  <testcase name="accountTypeSavingsOver69" time="0.002" classname="tests.TestBank750">
    <skipped/>
  </testcase> <!-- accountTypeSavingsOver69 -->
  <testcase name="accountTypeSavingsOver7" time="0.001" classname="tests.TestBank750">
    <skipped/>
  </testcase> <!-- accountTypeSavingsOver7 -->
  <testcase name="accountTypeSavingsOver70" time="0.002" classname="tests.TestBank750">
    <skipped/>
  </testcase> <!-- accountTypeSavingsOver70 -->
  <testcase name="accountTypeSavingsOver71" time="0.002" classname="tests.TestBank750">
    <skipped/>
  </testcase> <!-- accountTypeSavingsOver71 -->
  <testcase name="accountTypeSavingsOver72" time="0.005" classname="tests.TestBank750">
    <skipped/>
  </testcase> <!-- accountTypeSavingsOver72 -->
  <testcase name="accountTypeSavingsOver73" time="0.012" classname="tests.TestBank750">
    <skipped/>
  </testcase> <!-- accountTypeSavingsOver73 -->
  <testcase name="accountTypeSavingsOver74" time="0.003" classname="tests.TestBank750">
    <skipped/>
  </testcase> <!-- accountTypeSavingsOver74 -->
  <testcase name="accountTypeSavingsOver75" time="0.002" classname="tests.TestBank750">
    <skipped/>
  </testcase> <!-- accountTypeSavingsOver75 -->
  <testcase name="accountTypeSavingsOver76" time="0.003" classname="tests.TestBank750">
    <skipped/>
  </testcase> <!-- accountTypeSavingsOver76 -->
  <testcase name="accountTypeSavingsOver77" time="0.003" classname="tests.TestBank750">
    <skipped/>
  </testcase> <!-- accountTypeSavingsOver77 -->
  <testcase name="accountTypeSavingsOver78" time="0.001" classname="tests.TestBank750">
    <skipped/>
  </testcase> <!-- accountTypeSavingsOver78 -->
  <testcase name="accountTypeSavingsOver79" time="0.005" classname="tests.TestBank750">
    <skipped/>
  </testcase> <!-- accountTypeSavingsOver79 -->
  <testcase name="accountTypeSavingsOver8" time="0.003" classname="tests.TestBank750">
    <skipped/>
  </testcase> <!-- accountTypeSavingsOver8 -->
  <testcase name="accountTypeSavingsOver80" time="0.003" classname="tests.TestBank750">
    <skipped/>
  </testcase> <!-- accountTypeSavingsOver80 -->
  <testcase name="accountTypeSavingsOver81" time="0.003" classname="tests.TestBank750">
    <skipped/>
  </testcase> <!-- accountTypeSavingsOver81 -->
  <testcase name="accountTypeSavingsOver82" time="0.003" classname="tests.TestBank750">
    <skipped/>
  </testcase> <!-- accountTypeSavingsOver82 -->
  <testcase name="accountTypeSavingsOver83" time="0.002" classname="tests.TestBank750">
    <skipped/>
  </testcase> <!-- accountTypeSavingsOver83 -->
  <testcase name="accountTypeSavingsOver84" time="0.002" classname="tests.TestBank750">
    <skipped/>
  </testcase> <!-- accountTypeSavingsOver84 -->
  <testcase name="accountTypeSavingsOver85" time="0.003" classname="tests.TestBank750">
    <skipped/>
  </testcase> <!-- accountTypeSavingsOver85 -->
  <testcase name="accountTypeSavingsOver86" time="0.002" classname="tests.TestBank750">
    <skipped/>
  </testcase> <!-- accountTypeSavingsOver86 -->
  <testcase name="accountTypeSavingsOver87" time="0.003" classname="tests.TestBank750">
    <skipped/>
  </testcase> <!-- accountTypeSavingsOver87 -->
  <testcase name="accountTypeSavingsOver88" time="0.002" classname="tests.TestBank750">
    <skipped/>
  </testcase> <!-- accountTypeSavingsOver88 -->
  <testcase name="accountTypeSavingsOver89" time="0.002" classname="tests.TestBank750">
    <skipped/>
  </testcase> <!-- accountTypeSavingsOver89 -->
  <testcase name="accountTypeSavingsOver9" time="0.002" classname="tests.TestBank750">
    <skipped/>
  </testcase> <!-- accountTypeSavingsOver9 -->
  <testcase name="accountTypeSavingsOver90" time="0.006" classname="tests.TestBank750">
    <skipped/>
  </testcase> <!-- accountTypeSavingsOver90 -->
  <testcase name="accountTypeSavingsOver91" time="0.003" classname="tests.TestBank750">
    <skipped/>
  </testcase> <!-- accountTypeSavingsOver91 -->
  <testcase name="accountTypeSavingsOver92" time="0.003" classname="tests.TestBank750">
    <skipped/>
  </testcase> <!-- accountTypeSavingsOver92 -->
  <testcase name="accountTypeSavingsOver93" time="0.003" classname="tests.TestBank750">
    <skipped/>
  </testcase> <!-- accountTypeSavingsOver93 -->
  <testcase name="accountTypeSavingsOver94" time="0.002" classname="tests.TestBank750">
    <skipped/>
  </testcase> <!-- accountTypeSavingsOver94 -->
  <testcase name="accountTypeSavingsOver95" time="0.001" classname="tests.TestBank750">
    <skipped/>
  </testcase> <!-- accountTypeSavingsOver95 -->
  <testcase name="accountTypeSavingsOver96" time="0.002" classname="tests.TestBank750">
    <skipped/>
  </testcase> <!-- accountTypeSavingsOver96 -->
  <testcase name="accountTypeSavingsOver97" time="0.002" classname="tests.TestBank750">
    <skipped/>
  </testcase> <!-- accountTypeSavingsOver97 -->
  <testcase name="accountTypeSavingsOver98" time="0.002" classname="tests.TestBank750">
    <skipped/>
  </testcase> <!-- accountTypeSavingsOver98 -->
  <testcase name="accountTypeSavingsOver99" time="0.002" classname="tests.TestBank750">
    <skipped/>
  </testcase> <!-- accountTypeSavingsOver99 -->
</testsuite> <!-- Test SavingsAdd on FF -->
