<?xml version="1.0" encoding="UTF-8"?>
<!-- Generated by org.testng.reporters.JUnitXMLReporter -->
<testsuite hostname="DESKTOP-JFIIDIB" name="Test Login on Chrome" tests="3" failures="0" timestamp="9 Aug 2020 02:57:06 GMT" time="30.196" errors="0">
  <testcase name="verifyAcessEmpty" time="4.655" classname="tests.TestLoginBank"/>
  <testcase name="verifyAcessInvalid" time="4.778" classname="tests.TestLoginBank"/>
  <testcase name="verifyAcessSuccessfully" time="5.555" classname="tests.TestLoginBank"/>
</testsuite> <!-- Test Login on Chrome -->
