<?xml version="1.0" encoding="UTF-8"?>
<!-- Generated by org.testng.reporters.JUnitXMLReporter -->
<testsuite hostname="DESKTOP-JFIIDIB" name="Test Login on IE" tests="3" failures="0" timestamp="9 Aug 2020 02:57:08 GMT" time="31.786" errors="0">
  <testcase name="verifyAcessEmpty" time="8.295" classname="tests.TestLoginBank"/>
  <testcase name="verifyAcessInvalid" time="8.863" classname="tests.TestLoginBank"/>
  <testcase name="verifyAcessSuccessfully" time="7.265" classname="tests.TestLoginBank"/>
</testsuite> <!-- Test Login on IE -->
